"2019/05/18 13:54:53",区域定位,"设备总控制 连续移动停止错误 ",10206003
"2019/05/18 13:54:53",区域定位,"对位控制 (对位) 图像处理: 失败发生在检测局部对位点 ",10246834
"2019/05/18 13:55:54",区域定位,"对位控制 (局部对位) 失败发生在局部对位时重置时间 (平均模式) ",10248805
"2019/05/18 13:55:54",区域定位,"对位控制 (对位) 图像处理: 失败发生在检测局部对位点 ",10246834
"2019/05/18 13:55:54",区域定位,"对位控制 (局部对位) 失败发生在局部对位时重置时间 (平均模式) ",10248805
"2019/05/18 15:13:27",区域定位,"对位控制 (对位) 图像处理: 失败发生在检测局部对位点 ",10246834
"2019/05/18 15:14:56",区域定位,"对位控制 (局部对位) 失败发生在局部对位时重置时间 (平均模式) ",10248805
"2019/05/18 15:14:56",区域定位,"设备总控制 连续移动停止错误 ",10206003
"2019/05/18 15:14:56",区域定位,"对位控制 (对位) 图像处理: 失败发生在检测局部对位点 ",10246834
"2019/05/18 15:41:46",区域定位,"对位控制 (局部对位) 失败发生在局部对位时重置时间 (平均模式) ",10248805
"2019/05/18 15:41:46",区域定位,"设备总控制 连续移动停止错误 ",10206003
"2019/05/18 15:41:46",区域定位,"对位控制 (对位) 图像处理: 失败发生在检测局部对位点 ",10246834
"2019/05/18 16:29:27",区域定位,"对位控制 (局部对位) 失败发生在局部对位时重置时间 (平均模式) ",10248805
"2019/05/18 16:29:27",区域定位,"设备总控制 连续移动停止错误 ",10206003
"2019/05/18 16:29:27",区域定位,"对位控制 (对位) 图像处理: 失败发生在检测局部对位点 ",10246834
"2019/05/18 16:31:23",区域定位,"对位控制 (局部对位) 失败发生在局部对位时重置时间 (平均模式) ",10248805
"2019/05/18 16:31:23",区域定位,"设备总控制 连续移动停止错误 ",10206003
"2019/05/18 16:31:23",区域定位,"对位控制 (对位) 图像处理: 失败发生在检测局部对位点 ",10246834
"2019/05/18 16:31:23",区域定位,"对位控制 (局部对位) 失败发生在局部对位时重置时间 (平均模式) ",10248805
"2019/05/18 16:48:29",区域定位,"设备总控制 连续移动停止错误 ",10206003
"2019/05/18 16:48:29",区域定位,"对位控制 (对位) 图像处理: 失败发生在检测局部对位点 ",10246834
"2019/05/18 16:49:43",区域定位,"对位控制 (局部对位) 失败发生在局部对位时重置时间 (平均模式) ",10248805
"2019/05/18 16:49:43",区域定位,"设备总控制 连续移动停止错误 ",10206003
"2019/05/18 16:49:43",区域定位,"对位控制 (对位) 图像处理: 失败发生在检测局部对位点 ",10246834
"2019/05/18 16:50:59",区域定位,"对位控制 (局部对位) 失败发生在局部对位时重置时间 (平均模式) ",10248805
"2019/05/18 16:50:59",区域定位,"设备总控制 连续移动停止错误 ",10206003
"2019/05/18 16:50:59",区域定位,"对位控制 (对位) 图像处理: 失败发生在检测局部对位点 ",10246834
"2019/05/18 17:49:00",区域定位,"对位控制 (局部对位) 失败发生在局部对位时重置时间 (平均模式) ",10248805
"2019/05/18 17:49:00",区域定位,"对位控制 (对位) 图像处理: 失败发生在检测局部对位点 ",10246834
"2019/05/18 18:13:44",定位,"描画控制 (曝光) 对位放大倍数超出范围 ",10266C27
"2019/05/18 18:59:08",曝光,"设备总控制 连续移动停止错误 ",10206003
"2019/05/18 18:59:08",曝光,"设备总控制 失败发生在接收状态 ",102061A2
"2019/05/18 19:04:44",系统初始化,"描画控制 (曝光) 对位放大倍数超出范围 ",10266C27
"2019/05/18 19:31:51",曝光,"设备总控制 连续移动停止错误 ",10206003
"2019/05/18 19:31:51",曝光,"设备总控制 失败发生在接收状态 ",102061A2
,,"对位控制 (对位) 图像处理: 失败发生在检测局部对位点 ",10246834
,,"对位控制 (局部对位) 失败发生在局部对位时重置时间 (平均模式) ",10248805
"2019/05/18 19:42:20",区域定位,"设备总控制 连续移动停止错误 ",10206003
"2019/05/18 19:42:20",区域定位,"对位控制 (对位) 图像处理: 失败发生在检测局部对位点 ",10246834
"2019/05/18 19:43:12",区域定位,"对位控制 (局部对位) 失败发生在局部对位时重置时间 (平均模式) ",10248805
"2019/05/18 21:00:32",定位,"对位控制 (对位) 图像处理: 失败发生在检测局部对位点 ",10246834
"2019/05/18 21:00:32",定位,"对位控制 (局部对位) 失败发生在局部对位时重置时间 (平均模式) ",10248805
"2019/05/18 21:09:43",区域定位,"设备总控制 连续移动停止错误 ",10206003
"2019/05/18 21:09:43",区域定位,"对位控制 (对位) 图像处理: 失败发生在检测局部对位点 ",10246834
"2019/05/18 22:03:59",区域定位,"对位控制 (局部对位) 失败发生在局部对位时重置时间 (平均模式) ",10248805
"2019/05/18 22:03:59",区域定位,"设备总控制 连续移动停止错误 ",10206003
"2019/05/18 22:03:59",区域定位,"对位控制 (对位) 图像处理: 失败发生在检测局部对位点 ",10246834
"2019/05/18 22:48:08",区域定位,"对位控制 (局部对位) 失败发生在局部对位时重置时间 (平均模式) ",10248805
"2019/05/18 22:48:08",区域定位,"设备总控制 连续移动停止错误 ",10206003
"2019/05/18 22:48:08",区域定位,"对位控制 (对位) 图像处理: 失败发生在检测局部对位点 ",10246834
"2019/05/18 22:48:48",区域定位,"对位控制 (局部对位) 失败发生在局部对位时重置时间 (平均模式) ",10248805
"2019/05/18 22:48:48",区域定位,"对位控制 (对位) 图像处理: 失败发生在检测局部对位点 ",10246834
"2019/05/18 22:50:44",区域定位,"对位控制 (对位) 图像处理: 失败发生在检测局部对位点 ",10246834
"2019/05/18 22:51:55",区域定位,"对位控制 (局部对位) 失败发生在局部对位时重置时间 (平均模式) ",10248805
"2019/05/18 22:51:55",区域定位,"对位控制 (对位) 图像处理: 失败发生在检测局部对位点 ",10246834
"2019/05/18 22:51:55",区域定位,"对位控制 (局部对位) 失败发生在局部对位时重置时间 (平均模式) ",10248805
"2019/05/18 22:53:45",区域定位,"设备总控制 连续移动停止错误 ",10206003
"2019/05/18 22:53:45",区域定位,"对位控制 (对位) 图像处理: 失败发生在检测局部对位点 ",10246834
"2019/05/18 22:54:26",区域定位,"对位控制 (局部对位) 失败发生在局部对位时重置时间 (平均模式) ",10248805
"2019/05/18 22:54:26",区域定位,"设备总控制 连续移动停止错误 ",10206003
"2019/05/18 22:54:26",区域定位,"对位控制 (对位) 图像处理: 失败发生在检测局部对位点 ",10246834
"2019/05/18 23:21:51",区域定位,"对位控制 (局部对位) 失败发生在局部对位时重置时间 (平均模式) ",10248805
"2019/05/18 23:21:51",区域定位,"设备总控制 连续移动停止错误 ",10206003
"2019/05/18 23:21:51",区域定位,"对位控制 (对位) 图像处理: 失败发生在检测局部对位点 ",10246834
"2019/05/18 23:22:56",区域定位,"对位控制 (局部对位) 失败发生在局部对位时重置时间 (平均模式) ",10248805
"2019/05/18 23:22:56",区域定位,"对位控制 (对位) 图像处理: 失败发生在检测局部对位点 ",10246834
"2019/05/18 23:23:56",区域定位,"对位控制 (局部对位) 失败发生在局部对位时重置时间 (平均模式) ",10248805
"2019/05/18 23:23:56",区域定位,"对位控制 (对位) 图像处理: 失败发生在检测局部对位点 ",10246834
"2019/05/18 23:34:44",区域定位,"对位控制 (局部对位) 失败发生在局部对位时重置时间 (平均模式) ",10248805
"2019/05/18 23:34:44",区域定位,"对位控制 (对位) 图像处理: 失败发生在检测局部对位点 ",10246834
"2019/05/18 23:37:27",区域定位,"对位控制 (局部对位) 失败发生在局部对位时重置时间 (平均模式) ",10248805
"2019/05/18 23:37:27",区域定位,"设备总控制 连续移动停止错误 ",10206003
"2019/05/18 23:37:27",区域定位,"对位控制 (对位) 图像处理: 失败发生在检测局部对位点 ",10246834
"2019/05/18 23:42:00",区域定位,"对位控制 (局部对位) 失败发生在局部对位时重置时间 (平均模式) ",10248805
"2019/05/18 23:42:00",区域定位,"设备总控制 连续移动停止错误 ",10206003
"2019/05/18 23:42:00",区域定位,"对位控制 (对位) 图像处理: 失败发生在检测局部对位点 ",10246834
"2019/05/19 00:00:34",区域定位,"对位控制 (局部对位) 失败发生在局部对位时重置时间 (平均模式) ",10248805
"2019/05/19 00:00:34",区域定位,"对位控制 (对位) 图像处理: 失败发生在检测局部对位点 ",10246834
"2019/05/19 00:11:56",区域定位,"对位控制 (局部对位) 失败发生在局部对位时重置时间 (平均模式) ",10248805
"2019/05/19 00:11:56",区域定位,"对位控制 (对位) 图像处理: 失败发生在检测局部对位点 ",10246834
"2019/05/19 00:24:45",区域定位,"对位控制 (局部对位) 失败发生在局部对位时重置时间 (平均模式) ",10248805
"2019/05/19 00:24:45",区域定位,"设备总控制 连续移动停止错误 ",10206003
"2019/05/19 00:24:45",区域定位,"对位控制 (对位) 图像处理: 失败发生在检测局部对位点 ",10246834
"2019/05/19 00:34:40",区域定位,"对位控制 (局部对位) 失败发生在局部对位时重置时间 (平均模式) ",10248805
"2019/05/19 00:34:40",区域定位,"对位控制 (对位) 图像处理: 失败发生在检测局部对位点 ",10246834
"2019/05/19 00:34:40",区域定位,"对位控制 (局部对位) 失败发生在局部对位时重置时间 (平均模式) ",10248805
"2019/05/19 00:39:26",区域定位,"设备总控制 连续移动停止错误 ",10206003
"2019/05/19 00:39:26",区域定位,"对位控制 (对位) 图像处理: 失败发生在检测局部对位点 ",10246834
"2019/05/19 00:40:43",区域定位,"对位控制 (局部对位) 失败发生在局部对位时重置时间 (平均模式) ",10248805
"2019/05/19 00:40:43",区域定位,"设备总控制 连续移动停止错误 ",10206003
"2019/05/19 00:40:43",区域定位,"对位控制 (对位) 图像处理: 失败发生在检测局部对位点 ",10246834
"2019/05/19 00:40:43",区域定位,"对位控制 (局部对位) 失败发生在局部对位时重置时间 (平均模式) ",10248805
"2019/05/19 00:55:05",区域定位,"设备总控制 连续移动停止错误 ",10206003
"2019/05/19 00:55:05",区域定位,"对位控制 (对位) 图像处理: 失败发生在检测局部对位点 ",10246834
"2019/05/19 01:03:08",区域定位,"对位控制 (局部对位) 失败发生在局部对位时重置时间 (平均模式) ",10248805
"2019/05/19 01:03:08",区域定位,"设备总控制 连续移动停止错误 ",10206003
"2019/05/19 01:03:08",区域定位,"对位控制 (对位) 图像处理: 失败发生在检测局部对位点 ",10246834
"2019/05/19 01:07:31",区域定位,"对位控制 (局部对位) 失败发生在局部对位时重置时间 (平均模式) ",10248805
"2019/05/19 01:07:31",区域定位,"设备总控制 连续移动停止错误 ",10206003
"2019/05/19 01:07:31",区域定位,"对位控制 (对位) 图像处理: 失败发生在检测局部对位点 ",10246834
"2019/05/19 01:26:02",区域定位,"对位控制 (局部对位) 失败发生在局部对位时重置时间 (平均模式) ",10248805
"2019/05/19 01:26:02",区域定位,"设备总控制 连续移动停止错误 ",10206003
"2019/05/19 01:26:02",区域定位,"对位控制 (对位) 图像处理: 失败发生在检测局部对位点 ",10246834
"2019/05/19 01:34:16",区域定位,"对位控制 (局部对位) 失败发生在局部对位时重置时间 (平均模式) ",10248805
"2019/05/19 01:34:16",区域定位,"设备总控制 连续移动停止错误 ",10206003
"2019/05/19 01:34:16",区域定位,"对位控制 (对位) 图像处理: 失败发生在检测局部对位点 ",10246834
"2019/05/19 01:34:59",区域定位,"对位控制 (局部对位) 失败发生在局部对位时重置时间 (平均模式) ",10248805
"2019/05/19 01:34:59",区域定位,"设备总控制 连续移动停止错误 ",10206003
"2019/05/19 01:34:59",区域定位,"对位控制 (对位) 图像处理: 失败发生在检测局部对位点 ",10246834
"2019/05/19 01:34:59",区域定位,"对位控制 (局部对位) 失败发生在局部对位时重置时间 (平均模式) ",10248805
"2019/05/19 01:45:06",区域定位,"设备总控制 连续移动停止错误 ",10206003
"2019/05/19 01:45:06",区域定位,"对位控制 (对位) 图像处理: 失败发生在检测局部对位点 ",10246834
"2019/05/19 01:45:06",区域定位,"对位控制 (局部对位) 失败发生在局部对位时重置时间 (平均模式) ",10248805
"2019/05/19 03:15:36",区域定位,"设备总控制 连续移动停止错误 ",10206003
"2019/05/19 03:15:36",区域定位,"对位控制 (对位) 图像处理: 失败发生在检测局部对位点 ",10246834
"2019/05/19 03:27:45",区域定位,"对位控制 (局部对位) 失败发生在局部对位时重置时间 (平均模式) ",10248805
"2019/05/19 03:27:45",区域定位,"设备总控制 连续移动停止错误 ",10206003
"2019/05/19 03:27:45",区域定位,"对位控制 (对位) 图像处理: 失败发生在检测局部对位点 ",10246834
"2019/05/19 04:06:45",区域定位,"对位控制 (局部对位) 失败发生在局部对位时重置时间 (平均模式) ",10248805
"2019/05/19 04:06:45",区域定位,"对位控制 (对位) 图像处理: 失败发生在检测局部对位点 ",10246834
"2019/05/19 04:48:50",区域定位,"对位控制 (局部对位) 失败发生在局部对位时重置时间 (平均模式) ",10248805
"2019/05/19 04:48:50",区域定位,"设备总控制 连续移动停止错误 ",10206003
"2019/05/19 04:48:50",区域定位,"对位控制 (对位) 图像处理: 失败发生在检测局部对位点 ",10246834
"2019/05/19 04:48:50",区域定位,"对位控制 (局部对位) 失败发生在局部对位时重置时间 (平均模式) ",10248805
"2019/05/19 04:49:30",区域定位,"设备总控制 连续移动停止错误 ",10206003
"2019/05/19 04:49:30",区域定位,"对位控制 (对位) 图像处理: 失败发生在检测局部对位点 ",10246834
"2019/05/19 04:50:20",区域定位,"对位控制 (局部对位) 失败发生在局部对位时重置时间 (平均模式) ",10248805
"2019/05/19 04:50:20",区域定位,"设备总控制 连续移动停止错误 ",10206003
"2019/05/19 04:50:20",区域定位,"对位控制 (对位) 图像处理: 失败发生在检测局部对位点 ",10246834
"2019/05/19 04:52:46",区域定位,"对位控制 (局部对位) 失败发生在局部对位时重置时间 (平均模式) ",10248805
"2019/05/19 04:52:46",区域定位,"设备总控制 连续移动停止错误 ",10206003
"2019/05/19 04:52:46",区域定位,"对位控制 (对位) 图像处理: 失败发生在检测局部对位点 ",10246834
"2019/05/19 06:56:14",区域定位,"对位控制 (局部对位) 失败发生在局部对位时重置时间 (平均模式) ",10248805
"2019/05/19 06:56:14",区域定位,"设备总控制 连续移动停止错误 ",10206003
"2019/05/19 06:56:14",区域定位,"对位控制 (对位) 图像处理: 失败发生在检测局部对位点 ",10246834
"2019/05/19 07:00:10",区域定位,"对位控制 (局部对位) 失败发生在局部对位时重置时间 (平均模式) ",10248805
"2019/05/19 07:00:10",区域定位,"设备总控制 连续移动停止错误 ",10206003
"2019/05/19 07:00:10",区域定位,"对位控制 (对位) 图像处理: 失败发生在检测局部对位点 ",10246834
"2019/05/19 07:02:06",区域定位,"对位控制 (局部对位) 失败发生在局部对位时重置时间 (平均模式) ",10248805
"2019/05/19 07:02:06",区域定位,"设备总控制 连续移动停止错误 ",10206003
"2019/05/19 07:02:06",区域定位,"对位控制 (对位) 图像处理: 失败发生在检测局部对位点 ",10246834
"2019/05/19 07:11:23",区域定位,"对位控制 (局部对位) 失败发生在局部对位时重置时间 (平均模式) ",10248805
"2019/05/19 07:11:23",区域定位,"设备总控制 连续移动停止错误 ",10206003
"2019/05/19 07:20:03",定位,"对位控制 (对位) 图像处理: 失败发生在检测局部对位点 ",10246834
"2019/05/19 07:23:49",区域定位,"对位控制 (局部对位) 失败发生在局部对位时重置时间 (平均模式) ",10248805
"2019/05/19 07:23:49",区域定位,"设备总控制 连续移动停止错误 ",10206003
"2019/05/19 07:23:49",区域定位,"对位控制 (对位) 图像处理: 失败发生在检测局部对位点 ",10246834
"2019/05/19 07:25:09",区域定位,"对位控制 (局部对位) 失败发生在局部对位时重置时间 (平均模式) ",10248805
"2019/05/19 07:25:09",区域定位,"设备总控制 连续移动停止错误 ",10206003
"2019/05/19 07:25:09",区域定位,"对位控制 (对位) 图像处理: 失败发生在检测局部对位点 ",10246834
"2019/05/19 07:26:30",区域定位,"对位控制 (局部对位) 失败发生在局部对位时重置时间 (平均模式) ",10248805
"2019/05/19 07:26:30",区域定位,"设备总控制 连续移动停止错误 ",10206003
"2019/05/19 07:27:11",定位,"对位控制 (对位) 图像处理: 失败发生在检测局部对位点 ",10246834
"2019/05/19 07:34:02",区域定位,"对位控制 (局部对位) 失败发生在局部对位时重置时间 (平均模式) ",10248805
"2019/05/19 08:22:44",定位,"对位控制 (对位) 图像处理: 失败发生在检测局部对位点 ",10246834
"2019/05/19 08:27:54",区域定位,"对位控制 (局部对位) 失败发生在局部对位时重置时间 (平均模式) ",10248805
"2019/05/19 08:27:54",区域定位,"对位控制 (对位) 图像处理: 失败发生在检测局部对位点 ",10246834
"2019/05/19 08:28:24",区域定位,"对位控制 (局部对位) 失败发生在局部对位时重置时间 (平均模式) ",10248805
"2019/05/19 08:28:24",区域定位,"对位控制 (对位) 图像处理: 失败发生在检测局部对位点 ",10246834
"2019/05/19 08:29:17",区域定位,"对位控制 (局部对位) 失败发生在局部对位时重置时间 (平均模式) ",10248805
"2019/05/19 08:29:17",区域定位,"设备总控制 连续移动停止错误 ",10206003
"2019/05/19 08:29:17",区域定位,"对位控制 (对位) 图像处理: 失败发生在检测局部对位点 ",10246834
"2019/05/19 10:13:04",区域定位,"对位控制 (局部对位) 失败发生在局部对位时重置时间 (平均模式) ",10248805
"2019/05/19 10:13:04",区域定位,"设备总控制 连续移动停止错误 ",10206003
"2019/05/19 10:52:58",定位,"对位控制 (对位) 图像处理: 失败发生在检测局部对位点 ",10246834
"2019/05/19 12:53:39",区域定位,"对位控制 (局部对位) 失败发生在局部对位时重置时间 (平均模式) ",10248805
"2019/05/19 12:53:39",区域定位,"设备总控制 连续移动停止错误 ",10206003
"2019/05/19 12:53:39",区域定位,"对位控制 (对位) 图像处理: 失败发生在检测局部对位点 ",10246834
"2019/05/19 12:54:32",区域定位,"对位控制 (局部对位) 失败发生在局部对位时重置时间 (平均模式) ",10248805
"2019/05/19 12:54:32",区域定位,"对位控制 (对位) 图像处理: 失败发生在检测局部对位点 ",10246834
"2019/05/19 12:55:46",区域定位,"对位控制 (局部对位) 失败发生在局部对位时重置时间 (平均模式) ",10248805
"2019/05/19 12:55:46",区域定位,"设备总控制 连续移动停止错误 ",10206003
"2019/05/19 12:55:46",区域定位,"对位控制 (对位) 图像处理: 失败发生在检测局部对位点 ",10246834
"2019/05/19 12:57:08",区域定位,"对位控制 (局部对位) 失败发生在局部对位时重置时间 (平均模式) ",10248805
"2019/05/19 12:57:08",区域定位,"对位控制 (对位) 图像处理: 失败发生在检测局部对位点 ",10246834
"2019/05/19 13:13:20",区域定位,"对位控制 (局部对位) 失败发生在局部对位时重置时间 (平均模式) ",10248805
"2019/05/19 14:42:15",定位,"对位控制 (对位) 图像处理: 失败发生在检测局部对位点 ",10246834
"2019/05/19 15:09:25",区域定位,"对位控制 (局部对位) 失败发生在局部对位时重置时间 (平均模式) ",10248805
"2019/05/19 15:09:25",区域定位,"设备总控制 连续移动停止错误 ",10206003
"2019/05/19 15:11:24",系统初始化,"描画控制 (曝光) 对位放大倍数超出范围 ",10266C27
"2019/05/19 15:47:12",曝光,"设备总控制 连续移动停止错误 ",10206003
"2019/05/19 15:47:12",曝光,"设备总控制 失败发生在接收状态 ",102061A2
"2019/05/19 15:47:12",曝光,"描画控制 (曝光) 对位放大倍数超出范围 ",10266C27
"2019/05/19 15:52:57",曝光,"设备总控制 连续移动停止错误 ",10206003
"2019/05/19 15:52:57",曝光,"设备总控制 失败发生在接收状态 ",102061A2
"2019/05/19 15:52:57",曝光,"描画控制 (曝光) 对位放大倍数超出范围 ",10266C27
"2019/05/19 16:14:04",曝光,"设备总控制 连续移动停止错误 ",10206003
"2019/05/19 16:14:04",曝光,"设备总控制 失败发生在接收状态 ",102061A2
"2019/05/19 19:58:35",系统初始化,"对位控制 (对位) 图像处理: 失败发生在检测局部对位点 ",10246834
"2019/05/19 21:06:44",区域定位,"对位控制 (局部对位) 失败发生在局部对位时重置时间 (平均模式) ",10248805
"2019/05/19 21:06:44",区域定位,"设备总控制 连续移动停止错误 ",10206003
"2019/05/19 21:06:44",区域定位,"对位控制 (对位) 图像处理: 失败发生在检测局部对位点 ",10246834
"2019/05/19 21:08:56",区域定位,"对位控制 (局部对位) 失败发生在局部对位时重置时间 (平均模式) ",10248805
"2019/05/19 21:08:56",区域定位,"设备总控制 连续移动停止错误 ",10206003
"2019/05/19 21:08:56",区域定位,"对位控制 (对位) 图像处理: 失败发生在检测局部对位点 ",10246834
"2019/05/19 21:10:05",区域定位,"对位控制 (局部对位) 失败发生在局部对位时重置时间 (平均模式) ",10248805
"2019/05/19 21:10:05",区域定位,"设备总控制 连续移动停止错误 ",10206003
"2019/05/19 21:10:05",区域定位,"对位控制 (对位) 图像处理: 失败发生在检测局部对位点 ",10246834
"2019/05/19 21:17:50",区域定位,"对位控制 (局部对位) 失败发生在局部对位时重置时间 (平均模式) ",10248805
"2019/05/19 21:17:50",区域定位,"设备总控制 连续移动停止错误 ",10206003
"2019/05/19 21:17:50",区域定位,"对位控制 (对位) 图像处理: 失败发生在检测局部对位点 ",10246834
"2019/05/19 21:17:50",区域定位,"对位控制 (局部对位) 失败发生在局部对位时重置时间 (平均模式) ",10248805
"2019/05/19 21:22:46",区域定位,"设备总控制 连续移动停止错误 ",10206003
"2019/05/19 21:22:46",区域定位,"对位控制 (对位) 图像处理: 失败发生在检测局部对位点 ",10246834
"2019/05/19 21:27:11",区域定位,"对位控制 (局部对位) 失败发生在局部对位时重置时间 (平均模式) ",10248805
"2019/05/19 21:27:11",区域定位,"设备总控制 连续移动停止错误 ",10206003
"2019/05/19 21:27:11",区域定位,"对位控制 (对位) 图像处理: 失败发生在检测局部对位点 ",10246834
"2019/05/19 21:28:08",区域定位,"对位控制 (对位) 图像处理: 失败发生在检测局部对位点 ",10246834
"2019/05/19 21:49:39",区域定位,"对位控制 (局部对位) 失败发生在局部对位时重置时间 (平均模式) ",10248805
"2019/05/19 21:49:39",区域定位,"设备总控制 连续移动停止错误 ",10206003
"2019/05/19 21:49:39",区域定位,"对位控制 (对位) 图像处理: 失败发生在检测局部对位点 ",10246834
"2019/05/19 22:18:08",区域定位,"对位控制 (局部对位) 失败发生在局部对位时重置时间 (平均模式) ",10248805
"2019/05/19 22:18:08",区域定位,"对位控制 (对位) 图像处理: 失败发生在检测局部对位点 ",10246834
"2019/05/19 22:27:18",区域定位,"对位控制 (局部对位) 失败发生在局部对位时重置时间 (平均模式) ",10248805
"2019/05/19 22:27:18",区域定位,"设备总控制 连续移动停止错误 ",10206003
"2019/05/19 22:27:18",区域定位,"对位控制 (对位) 图像处理: 失败发生在检测局部对位点 ",10246834
"2019/05/19 22:59:27",区域定位,"对位控制 (局部对位) 失败发生在局部对位时重置时间 (平均模式) ",10248805
"2019/05/19 22:59:27",区域定位,"对位控制 (对位) 图像处理: 失败发生在检测局部对位点 ",10246834
"2019/05/19 23:37:23",区域定位,"对位控制 (局部对位) 失败发生在局部对位时重置时间 (平均模式) ",10248805
"2019/05/19 23:37:23",区域定位,"对位控制 (对位) 图像处理: 失败发生在检测局部对位点 ",10246834
"2019/05/20 00:04:33",区域定位,"对位控制 (局部对位) 失败发生在局部对位时重置时间 (平均模式) ",10248805
"2019/05/20 00:04:33",区域定位,"设备总控制 连续移动停止错误 ",10206003
"2019/05/20 00:04:33",区域定位,"对位控制 (对位) 图像处理: 失败发生在检测局部对位点 ",10246834
"2019/05/20 00:17:58",区域定位,"对位控制 (局部对位) 失败发生在局部对位时重置时间 (平均模式) ",10248805
"2019/05/20 00:17:58",区域定位,"设备总控制 连续移动停止错误 ",10206003
"2019/05/20 00:17:58",区域定位,"对位控制 (对位) 图像处理: 失败发生在检测局部对位点 ",10246834
"2019/05/20 00:17:58",区域定位,"对位控制 (局部对位) 失败发生在局部对位时重置时间 (平均模式) ",10248805
"2019/05/20 00:20:11",区域定位,"设备总控制 连续移动停止错误 ",10206003
"2019/05/20 00:20:11",区域定位,"对位控制 (对位) 图像处理: 失败发生在检测局部对位点 ",10246834
"2019/05/20 00:20:11",区域定位,"对位控制 (局部对位) 失败发生在局部对位时重置时间 (平均模式) ",10248805
"2019/05/20 00:55:33",区域定位,"设备总控制 连续移动停止错误 ",10206003
"2019/05/20 00:55:33",区域定位,"对位控制 (对位) 图像处理: 失败发生在检测局部对位点 ",10246834
"2019/05/20 01:30:59",区域定位,"对位控制 (局部对位) 失败发生在局部对位时重置时间 (平均模式) ",10248805
"2019/05/20 01:30:59",区域定位,"对位控制 (对位) 图像处理: 失败发生在检测局部对位点 ",10246834
"2019/05/20 01:30:59",区域定位,"对位控制 (局部对位) 失败发生在局部对位时重置时间 (平均模式) ",10248805
"2019/05/20 03:11:41",区域定位,"设备总控制 连续移动停止错误 ",10206003
"2019/05/20 03:11:41",区域定位,"对位控制 (对位) 图像处理: 失败发生在检测局部对位点 ",10246834
"2019/05/20 03:26:21",区域定位,"对位控制 (对位) 图像处理: 失败发生在检测局部对位点 ",10246834
"2019/05/20 03:27:29",区域定位,"对位控制 (局部对位) 失败发生在局部对位时重置时间 (平均模式) ",10248805
"2019/05/20 03:27:29",区域定位,"设备总控制 连续移动停止错误 ",10206003
"2019/05/20 03:27:29",区域定位,"对位控制 (对位) 图像处理: 失败发生在检测局部对位点 ",10246834
"2019/05/20 03:30:37",区域定位,"对位控制 (局部对位) 失败发生在局部对位时重置时间 (平均模式) ",10248805
"2019/05/20 03:30:37",区域定位,"设备总控制 连续移动停止错误 ",10206003
"2019/05/20 03:30:37",区域定位,"对位控制 (对位) 图像处理: 失败发生在检测局部对位点 ",10246834
"2019/05/20 03:54:47",系统初始化,"对位控制 (对位) 图像处理: 失败发生在检测局部对位点 ",10246834
"2019/05/20 04:17:01",区域定位,"对位控制 (局部对位) 失败发生在局部对位时重置时间 (平均模式) ",10248805
"2019/05/20 04:17:01",区域定位,"对位控制 (对位) 图像处理: 失败发生在检测局部对位点 ",10246834
"2019/05/20 04:58:29",区域定位,"对位控制 (局部对位) 失败发生在局部对位时重置时间 (平均模式) ",10248805
"2019/05/20 04:58:29",区域定位,"对位控制 (对位) 图像处理: 失败发生在检测局部对位点 ",10246834
"2019/05/20 07:22:36",区域定位,"对位控制 (局部对位) 失败发生在局部对位时重置时间 (平均模式) ",10248805
"2019/05/20 07:23:35",定位,"对位控制 (对位) 图像处理: 失败发生在检测局部对位点 ",10246834
"2019/05/20 07:31:58",区域定位,"对位控制 (局部对位) 失败发生在局部对位时重置时间 (平均模式) ",10248805
"2019/05/20 07:31:58",区域定位,"设备总控制 连续移动停止错误 ",10206003
"2019/05/20 07:31:58",区域定位,"对位控制 (对位) 图像处理: 失败发生在检测局部对位点 ",10246834
"2019/05/20 07:31:58",区域定位,"对位控制 (局部对位) 失败发生在局部对位时重置时间 (平均模式) ",10248805
"2019/05/20 08:17:34",区域定位,"设备总控制 连续移动停止错误 ",10206003
"2019/05/20 08:17:34",区域定位,"对位控制 (对位) 图像处理: 失败发生在检测局部对位点 ",10246834
"2019/05/20 08:44:39",区域定位,"对位控制 (局部对位) 失败发生在局部对位时重置时间 (平均模式) ",10248805
"2019/05/20 08:44:39",区域定位,"设备总控制 连续移动停止错误 ",10206003
"2019/05/20 08:44:39",区域定位,"对位控制 (对位) 图像处理: 失败发生在检测局部对位点 ",10246834
"2019/05/20 08:47:44",区域定位,"对位控制 (局部对位) 失败发生在局部对位时重置时间 (平均模式) ",10248805
"2019/05/20 08:47:44",区域定位,"设备总控制 连续移动停止错误 ",10206003
"2019/05/20 08:47:44",区域定位,"对位控制 (对位) 图像处理: 失败发生在检测局部对位点 ",10246834
"2019/05/20 08:52:49",区域定位,"对位控制 (局部对位) 失败发生在局部对位时重置时间 (平均模式) ",10248805
"2019/05/20 08:52:49",区域定位,"设备总控制 连续移动停止错误 ",10206003
"2019/05/20 08:52:49",区域定位,"对位控制 (对位) 图像处理: 失败发生在检测局部对位点 ",10246834
"2019/05/20 10:16:21",区域定位,"对位控制 (局部对位) 失败发生在局部对位时重置时间 (平均模式) ",10248805
"2019/05/20 10:16:21",区域定位,"设备总控制 连续移动停止错误 ",10206003
"2019/05/20 10:16:21",区域定位,"对位控制 (对位) 图像处理: 失败发生在检测局部对位点 ",10246834
"2019/05/20 10:16:21",区域定位,"对位控制 (局部对位) 失败发生在局部对位时重置时间 (平均模式) ",10248805
"2019/05/20 10:50:26",区域定位,"设备总控制 连续移动停止错误 ",10206003
"2019/05/20 10:50:26",区域定位,"对位控制 (对位) 图像处理: 失败发生在检测局部对位点 ",10246834
"2019/05/20 11:03:45",区域定位,"对位控制 (局部对位) 失败发生在局部对位时重置时间 (平均模式) ",10248805
"2019/05/20 11:03:45",区域定位,"设备总控制 连续移动停止错误 ",10206003
"2019/05/20 11:03:45",区域定位,"对位控制 (对位) 图像处理: 失败发生在检测局部对位点 ",10246834
"2019/05/20 12:15:07",区域定位,"对位控制 (局部对位) 失败发生在局部对位时重置时间 (平均模式) ",10248805
"2019/05/20 13:56:13",系统初始化,"对位控制 (对位) 图像处理: 失败发生在检测局部对位点 ",10246834
"2019/05/20 14:04:23",区域定位,"对位控制 (局部对位) 失败发生在局部对位时重置时间 (平均模式) ",10248805
"2019/05/20 14:04:23",区域定位,"设备总控制 连续移动停止错误 ",10206003
"2019/05/20 14:04:23",区域定位,"对位控制 (对位) 图像处理: 失败发生在检测局部对位点 ",10246834
"2019/05/20 15:19:16",区域定位,"对位控制 (局部对位) 失败发生在局部对位时重置时间 (平均模式) ",10248805
"2019/05/20 15:19:16",区域定位,"对位控制 (对位) 图像处理: 失败发生在检测局部对位点 ",10246834
"2019/05/20 19:17:28",区域定位,"对位控制 (局部对位) 失败发生在局部对位时重置时间 (平均模式) ",10248805
"2019/05/20 19:17:28",区域定位,"设备总控制 连续移动停止错误 ",10206003
"2019/05/20 19:17:28",区域定位,"对位控制 (对位) 图像处理: 失败发生在检测局部对位点 ",10246834
"2019/05/20 19:42:35",区域定位,"对位控制 (局部对位) 失败发生在局部对位时重置时间 (平均模式) ",10248805
"2019/05/20 19:42:35",区域定位,"设备总控制 连续移动停止错误 ",10206003
"2019/05/20 19:42:35",区域定位,"对位控制 (对位) 图像处理: 失败发生在检测局部对位点 ",10246834
"2019/05/20 20:19:32",区域定位,"对位控制 (局部对位) 失败发生在局部对位时重置时间 (平均模式) ",10248805
"2019/05/20 20:19:32",区域定位,"设备总控制 连续移动停止错误 ",10206003
"2019/05/20 20:19:32",区域定位,"对位控制 (对位) 图像处理: 失败发生在检测局部对位点 ",10246834
"2019/05/20 20:20:16",区域定位,"对位控制 (局部对位) 失败发生在局部对位时重置时间 (平均模式) ",10248805
"2019/05/20 20:20:16",区域定位,"对位控制 (对位) 图像处理: 失败发生在检测局部对位点 ",10246834
"2019/05/20 20:38:10",区域定位,"对位控制 (局部对位) 失败发生在局部对位时重置时间 (平均模式) ",10248805
"2019/05/20 20:38:10",区域定位,"对位控制 (对位) 图像处理: 失败发生在检测局部对位点 ",10246834
"2019/05/20 20:38:10",区域定位,"对位控制 (局部对位) 失败发生在局部对位时重置时间 (平均模式) ",10248805
"2019/05/20 21:04:42",区域定位,"设备总控制 连续移动停止错误 ",10206003
"2019/05/20 21:04:42",区域定位,"对位控制 (对位) 图像处理: 失败发生在检测局部对位点 ",10246834
"2019/05/20 21:11:45",区域定位,"对位控制 (局部对位) 失败发生在局部对位时重置时间 (平均模式) ",10248805
"2019/05/20 21:11:45",区域定位,"对位控制 (对位) 图像处理: 失败发生在检测局部对位点 ",10246834
"2019/05/20 21:24:54",区域定位,"对位控制 (局部对位) 失败发生在局部对位时重置时间 (平均模式) ",10248805
"2019/05/20 21:24:54",区域定位,"对位控制 (对位) 图像处理: 失败发生在检测局部对位点 ",10246834
"2019/05/20 21:41:39",区域定位,"对位控制 (局部对位) 失败发生在局部对位时重置时间 (平均模式) ",10248805
"2019/05/20 21:41:39",区域定位,"对位控制 (对位) 图像处理: 失败发生在检测局部对位点 ",10246834
"2019/05/20 21:58:40",区域定位,"对位控制 (局部对位) 失败发生在局部对位时重置时间 (平均模式) ",10248805
"2019/05/20 21:58:40",区域定位,"描画控制 (曝光) 对位放大倍数超出范围 ",10266C27
"2019/05/20 22:05:04",曝光,"设备总控制 连续移动停止错误 ",10206003
"2019/05/20 22:05:04",曝光,"设备总控制 失败发生在接收状态 ",102061A2
"2019/05/20 22:05:04",曝光,"描画控制 (曝光) 对位放大倍数超出范围 ",10266C27
"2019/05/20 22:26:59",曝光,"设备总控制 连续移动停止错误 ",10206003
"2019/05/20 22:26:59",曝光,"设备总控制 失败发生在接收状态 ",102061A2
"2019/05/20 22:32:12",曝光,"描画控制 (曝光) 对位放大倍数超出范围 ",10266C27
"2019/05/20 22:32:12",曝光,"设备总控制 连续移动停止错误 ",10206003
"2019/05/20 22:32:12",曝光,"设备总控制 失败发生在接收状态 ",102061A2
"2019/05/20 22:32:12",曝光,"描画控制 (曝光) 对位放大倍数超出范围 ",10266C27
"2019/05/20 22:34:59",曝光,"设备总控制 连续移动停止错误 ",10206003
"2019/05/20 22:34:59",曝光,"设备总控制 失败发生在接收状态 ",102061A2
"2019/05/20 22:34:59",曝光,"描画控制 (曝光) 对位放大倍数超出范围 ",10266C27
"2019/05/20 22:38:35",曝光,"设备总控制 连续移动停止错误 ",10206003
"2019/05/20 22:38:35",曝光,"设备总控制 失败发生在接收状态 ",102061A2
"2019/05/20 22:38:35",曝光,"对位控制 (对位) 图像处理: 失败发生在检测局部对位点 ",10246834
"2019/05/20 22:47:58",区域定位,"对位控制 (局部对位) 失败发生在局部对位时重置时间 (平均模式) ",10248805
"2019/05/20 22:47:58",区域定位,"对位控制 (对位) 图像处理: 失败发生在检测局部对位点 ",10246834
"2019/05/20 22:51:12",区域定位,"对位控制 (局部对位) 失败发生在局部对位时重置时间 (平均模式) ",10248805
"2019/05/20 22:51:12",区域定位,"对位控制 (对位) 图像处理: 失败发生在检测局部对位点 ",10246834
"2019/05/20 22:58:18",区域定位,"对位控制 (局部对位) 失败发生在局部对位时重置时间 (平均模式) ",10248805
"2019/05/20 22:58:18",区域定位,"描画控制 (曝光) 对位放大倍数超出范围 ",10266C27
"2019/05/20 23:00:00",曝光,"设备总控制 连续移动停止错误 ",10206003
"2019/05/20 23:00:00",曝光,"设备总控制 失败发生在接收状态 ",102061A2
"2019/05/20 23:08:58",曝光,"描画控制 (曝光) 对位放大倍数超出范围 ",10266C27
"2019/05/20 23:08:58",曝光,"设备总控制 连续移动停止错误 ",10206003
"2019/05/20 23:08:58",曝光,"设备总控制 失败发生在接收状态 ",102061A2
"2019/05/20 23:08:58",曝光,"对位控制 (对位) 图像处理: 失败发生在检测局部对位点 ",10246834
"2019/05/21 00:04:18",区域定位,"对位控制 (局部对位) 失败发生在局部对位时重置时间 (平均模式) ",10248805
"2019/05/21 00:04:18",区域定位,"设备总控制 连续移动停止错误 ",10206003
"2019/05/21 00:04:18",区域定位,"对位控制 (对位) 对位点位置错误 ",1024685D
"2019/05/21 00:07:00",区域定位,"对位控制 (局部对位) 失败发生在局部对位时重置时间 (平均模式) ",10248805
"2019/05/21 00:07:00",区域定位,"对位控制 (对位) 图像处理: 失败发生在检测局部对位点 ",10246834
"2019/05/21 00:08:15",区域定位,"对位控制 (局部对位) 失败发生在局部对位时重置时间 (平均模式) ",10248805
"2019/05/21 00:08:15",区域定位,"设备总控制 连续移动停止错误 ",10206003
"2019/05/21 00:08:15",区域定位,"对位控制 (对位) 图像处理: 失败发生在检测局部对位点 ",10246834
"2019/05/21 00:08:15",区域定位,"对位控制 (局部对位) 失败发生在局部对位时重置时间 (平均模式) ",10248805
"2019/05/21 02:30:33",区域定位,"设备总控制 连续移动停止错误 ",10206003
"2019/05/21 02:30:33",区域定位,"对位控制 (对位) 图像处理: 失败发生在检测局部对位点 ",10246834
"2019/05/21 02:34:13",区域定位,"对位控制 (局部对位) 失败发生在局部对位时重置时间 (平均模式) ",10248805
"2019/05/21 02:34:13",区域定位,"对位控制 (对位) 图像处理: 失败发生在检测局部对位点 ",10246834
"2019/05/21 03:31:00",区域定位,"对位控制 (局部对位) 失败发生在局部对位时重置时间 (平均模式) ",10248805
"2019/05/21 03:31:00",区域定位,"设备总控制 连续移动停止错误 ",10206003
"2019/05/21 03:31:00",区域定位,"对位控制 (对位) 图像处理: 失败发生在检测局部对位点 ",10246834
"2019/05/21 03:51:54",区域定位,"对位控制 (局部对位) 失败发生在局部对位时重置时间 (平均模式) ",10248805
"2019/05/21 03:51:54",区域定位,"对位控制 (对位) 图像处理: 失败发生在检测局部对位点 ",10246834
"2019/05/21 03:53:01",区域定位,"对位控制 (局部对位) 失败发生在局部对位时重置时间 (平均模式) ",10248805
"2019/05/21 03:53:01",区域定位,"对位控制 (对位) 图像处理: 失败发生在检测局部对位点 ",10246834
"2019/05/21 05:24:55",区域定位,"对位控制 (局部对位) 失败发生在局部对位时重置时间 (平均模式) ",10248805
"2019/05/21 05:24:55",区域定位,"对位控制 (对位) 图像处理: 失败发生在检测局部对位点 ",10246834
"2019/05/21 07:34:55",区域定位,"对位控制 (局部对位) 失败发生在局部对位时重置时间 (平均模式) ",10248805
"2019/05/21 07:34:55",区域定位,"设备总控制 连续移动停止错误 ",10206003
"2019/05/21 07:34:55",区域定位,"对位控制 (对位) 图像处理: 失败发生在检测局部对位点 ",10246834
"2019/05/21 09:55:51",区域定位,"对位控制 (局部对位) 失败发生在局部对位时重置时间 (平均模式) ",10248805
"2019/05/21 09:55:51",区域定位,"设备总控制 连续移动停止错误 ",10206003
"2019/05/21 09:55:51",区域定位,"对位控制 (对位) 图像处理: 失败发生在检测局部对位点 ",10246834
"2019/05/21 12:02:30",区域定位,"对位控制 (对位) 图像处理: 失败发生在检测局部对位点 ",10246834
"2019/05/21 12:22:22",区域定位,"对位控制 (局部对位) 失败发生在局部对位时重置时间 (平均模式) ",10248805
"2019/05/21 12:22:22",区域定位,"设备总控制 连续移动停止错误 ",10206003
"2019/05/21 12:22:22",区域定位,"描画控制 (曝光) 对位放大倍数超出范围 ",10266C27
"2019/05/21 12:27:32",曝光,"设备总控制 连续移动停止错误 ",10206003
"2019/05/21 12:27:32",曝光,"设备总控制 失败发生在接收状态 ",102061A2
"2019/05/21 12:27:32",曝光,"对位控制 (对位) 图像处理: 失败发生在检测局部对位点 ",10246834
"2019/05/21 12:33:39",区域定位,"对位控制 (局部对位) 失败发生在局部对位时重置时间 (平均模式) ",10248805
"2019/05/21 12:33:39",区域定位,"设备总控制 连续移动停止错误 ",10206003
"2019/05/21 12:52:50",定位,"描画控制 (曝光) 对位放大倍数超出范围 ",10266C27
"2019/05/21 13:21:49",曝光,"设备总控制 连续移动停止错误 ",10206003
"2019/05/21 13:21:49",曝光,"设备总控制 失败发生在接收状态 ",102061A2
"2019/05/21 13:21:49",曝光,"对位控制 (对位) 图像处理: 失败发生在检测局部对位点 ",10246834
"2019/05/21 14:27:44",区域定位,"对位控制 (局部对位) 失败发生在局部对位时重置时间 (平均模式) ",10248805
"2019/05/21 14:27:44",区域定位,"设备总控制 连续移动停止错误 ",10206003
,,"对位控制 (对位) 图像处理: 失败发生在检测局部对位点 ",10246834
"2019/05/21 21:15:18",区域定位,"对位控制 (对位) 图像处理: 失败发生在检测局部对位点 ",10246834
"2019/05/21 22:46:44",区域定位,"对位控制 (局部对位) 失败发生在局部对位时重置时间 (平均模式) ",10248805
"2019/05/21 22:46:44",区域定位,"对位控制 (对位) 图像处理: 失败发生在检测局部对位点 ",10246834
"2019/05/21 22:47:22",区域定位,"对位控制 (局部对位) 失败发生在局部对位时重置时间 (平均模式) ",10248805
"2019/05/21 22:47:22",区域定位,"设备总控制 连续移动停止错误 ",10206003
"2019/05/21 22:47:22",区域定位,Y--轴移动控制器 快门错误或者盖门检查错误 ,100861D5
"2019/05/21 22:47:22",区域定位,"X 轴移动控制器1 快门错误或者盖门检查错误 ",108161D5
"2019/05/21 22:47:22",区域定位,"设备总控制 全部轴初始化超时 ",1020614A
"2019/05/21 22:47:22",区域定位,"设备总控制 连续移动停止错误 ",10206003
"2019/05/21 22:48:20",正在待机,其他 (通讯)通讯状态：数据被头读取错误 ,00006205
"2019/05/21 22:48:20",正在待机,"对位控制 (对位) 图像处理: 失败发生在检测局部对位点 ",10246834
"2019/05/21 23:48:30",区域定位,"对位控制 (局部对位) 失败发生在局部对位时重置时间 (平均模式) ",10248805
"2019/05/21 23:48:30",区域定位,"对位控制 (对位) 图像处理: 失败发生在检测局部对位点 ",10246834
"2019/05/22 00:42:17",区域定位,"对位控制 (局部对位) 失败发生在局部对位时重置时间 (平均模式) ",10248805
"2019/05/22 00:42:17",区域定位,"设备总控制 连续移动停止错误 ",10206003
"2019/05/22 01:05:35",正在待机,其他 (通讯)通讯状态：数据被头读取错误 ,00006205
"2019/05/22 01:05:35",正在待机,"对位控制 (对位) 图像处理: 失败发生在检测局部对位点 ",10246834
"2019/05/22 01:45:59",区域定位,"对位控制 (局部对位) 失败发生在局部对位时重置时间 (平均模式) ",10248805
"2019/05/22 01:45:59",区域定位,"对位控制 (对位) 旋转角度超出范围 ",1024682D
"2019/05/22 02:32:36",区域定位,"对位控制 (对位) 局部涨缩: 失败发生在对位计算 ",10246BD5
"2019/05/22 02:32:36",区域定位,"设备总控制 连续移动停止错误 ",10206003
"2019/05/22 02:32:36",区域定位,"对位控制 (对位) 旋转角度超出范围 ",1024682D
"2019/05/22 02:34:33",区域定位,"对位控制 (对位) 局部涨缩: 失败发生在对位计算 ",10246BD5
"2019/05/22 02:34:33",区域定位,"设备总控制 连续移动停止错误 ",10206003
"2019/05/22 02:34:33",区域定位,"对位控制 (对位) 旋转角度超出范围 ",1024682D
"2019/05/22 02:36:48",区域定位,"对位控制 (对位) 局部涨缩: 失败发生在对位计算 ",10246BD5
"2019/05/22 02:36:48",区域定位,"设备总控制 连续移动停止错误 ",10206003
"2019/05/22 02:36:48",区域定位,"对位控制 (对位) 图像处理: 失败发生在检测局部对位点 ",10246834
"2019/05/22 04:27:59",区域定位,"对位控制 (局部对位) 失败发生在局部对位时重置时间 (平均模式) ",10248805
"2019/05/22 04:27:59",区域定位,"设备总控制 连续移动停止错误 ",10206003
"2019/05/22 04:27:59",区域定位,"对位控制 (对位) 图像处理: 失败发生在检测局部对位点 ",10246834
"2019/05/22 04:27:59",区域定位,"对位控制 (局部对位) 失败发生在局部对位时重置时间 (平均模式) ",10248805
"2019/05/22 05:24:34",区域定位,"设备总控制 连续移动停止错误 ",10206003
"2019/05/22 05:45:28",区域定位,"对位控制 (对位点样本登记) 错误 ",10246860
"2019/05/22 05:45:29",区域定位,"Y--轴移动控制器  ",10080000
"2019/05/22 05:45:30",区域定位,"Y--轴移动控制器  ",10080000
"2019/05/22 05:45:31",区域定位,"X 轴移动控制器1  ",10810000
"2019/05/22 05:45:32",区域定位,"Theta--轴移动控制器  ",10090000
"2019/05/22 05:45:33",模板登录,"X 轴移动控制器1  ",10810000
"2019/05/22 05:48:41",系统初始化,"对位控制 (对位) 图像处理: 失败发生在检测局部对位点 ",10246834
"2019/05/22 06:47:20",区域定位,"对位控制 (对位) 图像处理: 失败发生在检测局部对位点 ",10246834
"2019/05/22 07:46:46",区域定位,"对位控制 (局部对位) 失败发生在局部对位时重置时间 (平均模式) ",10248805
"2019/05/22 14:03:58",系统初始化,"对位控制 (对位) 图像处理: 失败发生在检测局部对位点 ",10246834
"2019/05/22 14:07:52",区域定位,"对位控制 (局部对位) 失败发生在局部对位时重置时间 (平均模式) ",10248805
"2019/05/22 14:07:52",区域定位,"设备总控制 连续移动停止错误 ",10206003
"2019/05/22 14:07:52",区域定位,"对位控制 (对位) 图像处理: 失败发生在检测局部对位点 ",10246834
"2019/05/22 14:08:59",区域定位,"对位控制 (局部对位) 失败发生在局部对位时重置时间 (平均模式) ",10248805
"2019/05/22 14:08:59",区域定位,"设备总控制 连续移动停止错误 ",10206003
"2019/05/22 14:08:59",区域定位,"对位控制 (对位) 图像处理: 失败发生在检测局部对位点 ",10246834
"2019/05/22 14:10:02",区域定位,"对位控制 (局部对位) 失败发生在局部对位时重置时间 (平均模式) ",10248805
"2019/05/22 14:10:02",区域定位,"设备总控制 连续移动停止错误 ",10206003
"2019/05/22 14:10:02",区域定位,"对位控制 (对位) 图像处理: 失败发生在检测局部对位点 ",10246834
"2019/05/22 14:10:39",区域定位,"对位控制 (局部对位) 失败发生在局部对位时重置时间 (平均模式) ",10248805
"2019/05/22 14:10:39",区域定位,"设备总控制 连续移动停止错误 ",10206003
"2019/05/22 14:10:39",区域定位,"对位控制 (对位) 图像处理: 失败发生在检测局部对位点 ",10246834
"2019/05/22 14:10:39",区域定位,"对位控制 (局部对位) 失败发生在局部对位时重置时间 (平均模式) ",10248805
"2019/05/22 14:11:33",区域定位,"设备总控制 连续移动停止错误 ",10206003
"2019/05/22 14:11:33",区域定位,"对位控制 (对位) 图像处理: 失败发生在检测局部对位点 ",10246834
"2019/05/22 14:12:17",区域定位,"对位控制 (局部对位) 失败发生在局部对位时重置时间 (平均模式) ",10248805
"2019/05/22 14:12:17",区域定位,"设备总控制 连续移动停止错误 ",10206003
"2019/05/22 14:12:17",区域定位,"对位控制 (对位) 图像处理: 失败发生在检测局部对位点 ",10246834
"2019/05/22 14:14:10",区域定位,"对位控制 (局部对位) 失败发生在局部对位时重置时间 (平均模式) ",10248805
"2019/05/22 14:14:10",区域定位,"设备总控制 连续移动停止错误 ",10206003
"2019/05/22 14:14:10",区域定位,"对位控制 (对位) 图像处理: 失败发生在检测局部对位点 ",10246834
"2019/05/22 14:16:05",区域定位,"对位控制 (局部对位) 失败发生在局部对位时重置时间 (平均模式) ",10248805
"2019/05/22 14:16:05",区域定位,"设备总控制 连续移动停止错误 ",10206003
"2019/05/22 14:16:05",区域定位,"对位控制 (对位) 图像处理: 失败发生在检测局部对位点 ",10246834
"2019/05/22 14:17:41",区域定位,"对位控制 (局部对位) 失败发生在局部对位时重置时间 (平均模式) ",10248805
"2019/05/22 14:17:41",区域定位,"设备总控制 连续移动停止错误 ",10206003
"2019/05/22 14:17:41",区域定位,"对位控制 (对位) 图像处理: 失败发生在检测局部对位点 ",10246834
"2019/05/22 14:19:35",区域定位,"对位控制 (局部对位) 失败发生在局部对位时重置时间 (平均模式) ",10248805
"2019/05/22 14:19:35",区域定位,"设备总控制 连续移动停止错误 ",10206003
"2019/05/22 14:19:35",区域定位,"对位控制 (对位) 图像处理: 失败发生在检测局部对位点 ",10246834
"2019/05/22 14:19:35",区域定位,"对位控制 (局部对位) 失败发生在局部对位时重置时间 (平均模式) ",10248805
"2019/05/22 14:24:26",区域定位,"设备总控制 连续移动停止错误 ",10206003
"2019/05/22 14:24:26",区域定位,"对位控制 (对位) 图像处理: 失败发生在检测局部对位点 ",10246834
"2019/05/22 14:30:45",区域定位,"对位控制 (局部对位) 失败发生在局部对位时重置时间 (平均模式) ",10248805
"2019/05/22 14:30:45",区域定位,"设备总控制 连续移动停止错误 ",10206003
"2019/05/22 14:30:45",区域定位,"对位控制 (对位) 图像处理: 失败发生在检测局部对位点 ",10246834
"2019/05/22 14:31:34",区域定位,"对位控制 (局部对位) 失败发生在局部对位时重置时间 (平均模式) ",10248805
"2019/05/22 14:31:34",区域定位,"设备总控制 连续移动停止错误 ",10206003
"2019/05/22 14:31:34",区域定位,"对位控制 (对位) 图像处理: 失败发生在检测局部对位点 ",10246834
"2019/05/22 15:22:09",区域定位,"对位控制 (局部对位) 失败发生在局部对位时重置时间 (平均模式) ",10248805
"2019/05/22 15:22:09",区域定位,"设备总控制 连续移动停止错误 ",10206003
"2019/05/22 15:22:09",区域定位,"对位控制 (对位) 图像处理: 失败发生在检测局部对位点 ",10246834
"2019/05/22 15:26:16",区域定位,"对位控制 (局部对位) 失败发生在局部对位时重置时间 (平均模式) ",10248805
"2019/05/22 15:26:16",区域定位,"设备总控制 连续移动停止错误 ",10206003
"2019/05/22 15:26:16",区域定位,"对位控制 (对位) 图像处理: 失败发生在检测局部对位点 ",10246834
"2019/05/22 15:29:06",区域定位,"对位控制 (局部对位) 失败发生在局部对位时重置时间 (平均模式) ",10248805
"2019/05/22 15:29:06",区域定位,"设备总控制 连续移动停止错误 ",10206003
"2019/05/22 15:29:06",区域定位,"对位控制 (对位) 图像处理: 失败发生在检测局部对位点 ",10246834
"2019/05/22 15:31:16",区域定位,"对位控制 (局部对位) 失败发生在局部对位时重置时间 (平均模式) ",10248805
"2019/05/22 15:31:16",区域定位,"设备总控制 连续移动停止错误 ",10206003
"2019/05/22 15:31:16",区域定位,"对位控制 (对位) 图像处理: 失败发生在检测局部对位点 ",10246834
"2019/05/22 15:34:20",区域定位,"对位控制 (局部对位) 失败发生在局部对位时重置时间 (平均模式) ",10248805
"2019/05/22 15:34:20",区域定位,"设备总控制 连续移动停止错误 ",10206003
"2019/05/22 15:34:20",区域定位,"对位控制 (对位) 图像处理: 失败发生在检测局部对位点 ",10246834
"2019/05/22 15:37:05",区域定位,"对位控制 (局部对位) 失败发生在局部对位时重置时间 (平均模式) ",10248805
"2019/05/22 15:37:05",区域定位,"设备总控制 连续移动停止错误 ",10206003
"2019/05/22 15:37:05",区域定位,"对位控制 (对位) 图像处理: 失败发生在检测局部对位点 ",10246834
"2019/05/22 15:37:05",区域定位,"对位控制 (局部对位) 失败发生在局部对位时重置时间 (平均模式) ",10248805
"2019/05/22 15:40:06",区域定位,"设备总控制 连续移动停止错误 ",10206003
"2019/05/22 15:40:06",区域定位,"对位控制 (对位) 图像处理: 失败发生在检测局部对位点 ",10246834
"2019/05/22 15:40:06",区域定位,"对位控制 (局部对位) 失败发生在局部对位时重置时间 (平均模式) ",10248805
"2019/05/22 15:42:16",区域定位,"设备总控制 连续移动停止错误 ",10206003
"2019/05/22 15:42:16",区域定位,"对位控制 (对位) 图像处理: 失败发生在检测局部对位点 ",10246834
"2019/05/22 15:47:41",区域定位,"对位控制 (局部对位) 失败发生在局部对位时重置时间 (平均模式) ",10248805
"2019/05/22 15:47:41",区域定位,"设备总控制 连续移动停止错误 ",10206003
"2019/05/22 15:47:41",区域定位,"对位控制 (对位) 图像处理: 失败发生在检测局部对位点 ",10246834
"2019/05/22 20:52:27",区域定位,"对位控制 (局部对位) 失败发生在局部对位时重置时间 (平均模式) ",10248805
"2019/05/22 20:52:27",区域定位,"对位控制 (Alignment) Failed to adjust light intensity for alignment camera1 ",1024700F
"2019/05/22 23:35:44",区域定位,"对位控制 (Alignment) Failed to adjust light intensity for alignment camera1 ",1024700F
"2019/05/22 23:35:44",区域定位,"对位控制 (对位) 失败发生在执行局部涨缩 ",10246BD0
"2019/05/22 23:35:44",区域定位,"设备总控制 连续移动停止错误 ",10206003
"2019/05/22 23:35:44",区域定位,"对位控制 (对位) 局部涨缩: 失败发生在税务扫描 ",10246BD4
"2019/05/22 23:52:45",区域定位,"对位控制 (对位) 失败发生在执行局部涨缩 ",10246BD0
"2019/05/22 23:52:45",区域定位,"设备总控制 连续移动停止错误 ",10206003
"2019/05/22 23:52:45",区域定位,"对位控制 (对位) 局部涨缩: 失败发生在税务扫描 ",10246BD4
"2019/05/22 23:55:24",区域定位,"对位控制 (对位) 失败发生在执行局部涨缩 ",10246BD0
"2019/05/22 23:55:24",区域定位,"设备总控制 连续移动停止错误 ",10206003
"2019/05/22 23:55:24",区域定位,"对位控制 (对位) 局部涨缩: 失败发生在税务扫描 ",10246BD4
"2019/05/22 23:56:54",区域定位,"对位控制 (对位) 失败发生在执行局部涨缩 ",10246BD0
"2019/05/22 23:56:54",区域定位,"设备总控制 连续移动停止错误 ",10206003
"2019/05/22 23:56:54",区域定位,"对位控制 (对位) 局部涨缩: 失败发生在税务扫描 ",10246BD4
"2019/05/22 23:57:52",区域定位,"对位控制 (对位) 失败发生在执行局部涨缩 ",10246BD0
"2019/05/22 23:57:52",区域定位,"设备总控制 连续移动停止错误 ",10206003
"2019/05/22 23:57:52",区域定位,"对位控制 (对位) 局部涨缩: 失败发生在税务扫描 ",10246BD4
"2019/05/22 23:57:52",区域定位,"对位控制 (对位) 失败发生在执行局部涨缩 ",10246BD0
"2019/05/22 23:58:33",区域定位,"设备总控制 连续移动停止错误 ",10206003
"2019/05/22 23:58:33",区域定位,"对位控制 (对位) 局部涨缩: 失败发生在税务扫描 ",10246BD4
"2019/05/22 23:59:33",区域定位,"对位控制 (对位) 失败发生在执行局部涨缩 ",10246BD0
"2019/05/22 23:59:33",区域定位,"设备总控制 连续移动停止错误 ",10206003
"2019/05/22 23:59:33",区域定位,"对位控制 (对位) 局部涨缩: 失败发生在税务扫描 ",10246BD4
"2019/05/23 00:04:19",区域定位,"对位控制 (对位) 失败发生在执行局部涨缩 ",10246BD0
"2019/05/23 00:04:19",区域定位,"设备总控制 连续移动停止错误 ",10206003
"2019/05/23 00:04:19",区域定位,"对位控制 (对位) 局部涨缩: 失败发生在税务扫描 ",10246BD4
"2019/05/23 00:08:12",区域定位,"对位控制 (对位) 失败发生在执行局部涨缩 ",10246BD0
"2019/05/23 00:08:12",区域定位,"设备总控制 连续移动停止错误 ",10206003
"2019/05/23 00:08:12",区域定位,"对位控制 (对位) 局部涨缩: 失败发生在税务扫描 ",10246BD4
"2019/05/23 00:08:53",区域定位,"对位控制 (对位) 失败发生在执行局部涨缩 ",10246BD0
"2019/05/23 00:08:53",区域定位,"设备总控制 连续移动停止错误 ",10206003
"2019/05/23 00:08:53",区域定位,"对位控制 (对位) 局部涨缩: 失败发生在税务扫描 ",10246BD4
"2019/05/23 00:38:14",区域定位,"对位控制 (对位) 失败发生在执行局部涨缩 ",10246BD0
"2019/05/23 00:38:14",区域定位,"设备总控制 连续移动停止错误 ",10206003
"2019/05/23 00:38:14",区域定位,"对位控制 (对位) 局部涨缩: 失败发生在税务扫描 ",10246BD4
"2019/05/23 00:41:41",区域定位,"对位控制 (对位) 失败发生在执行局部涨缩 ",10246BD0
"2019/05/23 00:41:41",区域定位,"设备总控制 连续移动停止错误 ",10206003
"2019/05/23 00:41:41",区域定位,"对位控制 (对位) 局部涨缩: 失败发生在税务扫描 ",10246BD4
"2019/05/23 00:42:29",区域定位,"对位控制 (对位) 失败发生在执行局部涨缩 ",10246BD0
"2019/05/23 00:42:29",区域定位,"设备总控制 连续移动停止错误 ",10206003
"2019/05/23 00:42:29",区域定位,"对位控制 (对位) 局部涨缩: 失败发生在税务扫描 ",10246BD4
"2019/05/23 00:42:29",区域定位,"对位控制 (对位) 失败发生在执行局部涨缩 ",10246BD0
"2019/05/23 00:43:28",区域定位,"设备总控制 连续移动停止错误 ",10206003
"2019/05/23 00:43:28",区域定位,"对位控制 (对位) 局部涨缩: 失败发生在税务扫描 ",10246BD4
"2019/05/23 00:43:28",区域定位,"对位控制 (对位) 失败发生在执行局部涨缩 ",10246BD0
"2019/05/23 00:46:47",区域定位,"设备总控制 连续移动停止错误 ",10206003
"2019/05/23 00:46:47",区域定位,"对位控制 (对位) 图像处理: 失败发生在检测局部对位点 ",10246834
"2019/05/23 02:22:13",区域定位,"对位控制 (局部对位) 失败发生在局部对位时重置时间 (平均模式) ",10248805
"2019/05/23 02:22:13",区域定位,"设备总控制 连续移动停止错误 ",10206003
"2019/05/23 02:22:13",区域定位,"对位控制 (对位) 图像处理: 失败发生在检测局部对位点 ",10246834
"2019/05/23 02:47:02",区域定位,"对位控制 (局部对位) 失败发生在局部对位时重置时间 (平均模式) ",10248805
"2019/05/23 02:47:02",区域定位,"对位控制 (对位) 图像处理: 失败发生在检测局部对位点 ",10246834
"2019/05/23 03:01:23",区域定位,"对位控制 (局部对位) 失败发生在局部对位时重置时间 (平均模式) ",10248805
"2019/05/23 03:01:23",区域定位,"对位控制 (对位) 图像处理: 失败发生在检测局部对位点 ",10246834
"2019/05/23 03:19:33",区域定位,"对位控制 (局部对位) 失败发生在局部对位时重置时间 (平均模式) ",10248805
"2019/05/23 03:19:33",区域定位,"对位控制 (对位) 图像处理: 失败发生在检测局部对位点 ",10246834
"2019/05/23 03:31:11",区域定位,"对位控制 (局部对位) 失败发生在局部对位时重置时间 (平均模式) ",10248805
"2019/05/23 03:31:11",区域定位,"对位控制 (对位) 图像处理: 失败发生在检测局部对位点 ",10246834
"2019/05/23 04:22:51",区域定位,"对位控制 (局部对位) 失败发生在局部对位时重置时间 (平均模式) ",10248805
"2019/05/23 04:22:51",区域定位,"设备总控制 连续移动停止错误 ",10206003
"2019/05/23 04:48:02",区域定位,"对位控制 (对位点样本登记) 失败发生在接收数据从图像处理任务到分析任务 ",10246876
"2019/05/23 04:48:04",模板登录,"对位控制 (对位点样本登记) 失败发生在请求获取对位点图像 ",10246863
"2019/05/23 04:48:05",模板登录,"对位控制 (对位点样本登记) 错误 ",10246860
"2019/05/23 04:48:06",模板登录,"设备总控制 连续移动停止错误 ",10206003
"2019/05/23 04:48:38",模板登录,"对位控制 (对位点样本登记) 失败发生在接收数据从图像处理任务到分析任务 ",10246876
"2019/05/23 04:48:39",模板登录,"对位控制 (对位点样本登记) 失败发生在请求获取对位点图像 ",10246863
"2019/05/23 04:48:54",正在待机,Y--轴移动控制器 快门错误或者盖门检查错误 ,100861D5
"2019/05/23 04:48:55",正在待机,"X 轴移动控制器1 快门错误或者盖门检查错误 ",108161D5
"2019/05/23 04:48:56",正在待机,"设备总控制 全部轴初始化超时 ",1020614A
"2019/05/23 04:48:57",正在待机,"设备总控制 连续移动停止错误 ",10206003
"2019/05/23 04:50:38",正在待机,Y--轴移动控制器 快门错误或者盖门检查错误 ,100861D5
"2019/05/23 04:50:39",正在待机,"X 轴移动控制器1 快门错误或者盖门检查错误 ",108161D5
"2019/05/23 04:50:40",正在待机,"设备总控制 全部轴初始化超时 ",1020614A
"2019/05/23 04:50:41",正在待机,"设备总控制 连续移动停止错误 ",10206003
"2019/05/23 04:53:13",模板登录,"对位控制 (对位点样本登记) 失败发生在接收数据从图像处理任务到分析任务 ",10246876
"2019/05/23 04:53:14",模板登录,"对位控制 (对位点样本登记) 失败发生在请求获取对位点图像 ",10246863
"2019/05/23 04:53:15",模板登录,"对位控制 (对位点样本登记) 错误 ",10246860
"2019/05/23 05:03:34",模板登录,"对位控制 (对位点样本登记) 失败发生在接收数据从图像处理任务到分析任务 ",10246876
"2019/05/23 05:03:36",模板登录,"对位控制 (对位点样本登记) 失败发生在请求获取对位点图像 ",10246863
"2019/05/23 05:03:37",模板登录,"对位控制 (对位点样本登记) 错误 ",10246860
"2019/05/23 05:03:38",模板登录,"设备总控制 连续移动停止错误 ",10206003
"2019/05/23 05:03:39",模板登录,快门移动控制器 检测到错误的状态在Y轴 ,100B1821
"2019/05/23 05:03:40",模板登录,"设备总控制 连续移动停止错误 ",10206003
"2019/05/23 05:05:06",正在待机,Y--轴移动控制器 快门错误或者盖门检查错误 ,100861D5
"2019/05/23 05:05:07",正在待机,"X 轴移动控制器1 快门错误或者盖门检查错误 ",108161D5
"2019/05/23 05:05:08",正在待机,"设备总控制 全部轴初始化超时 ",1020614A
"2019/05/23 05:05:09",正在待机,"设备总控制 连续移动停止错误 ",10206003
"2019/05/23 05:40:11",,"对位控制 (对位点样本登记) 失败发生在接收数据从图像处理任务到分析任务 ",10246876
"2019/05/23 05:40:11",模板登录,"对位控制 (对位点样本登记) 失败发生在请求获取对位点图像 ",10246863
"2019/05/23 05:40:13",模板登录,"对位控制 (对位点样本登记) 错误 ",10246860
"2019/05/23 05:40:14",模板登录,"设备总控制 连续移动停止错误 ",10206003
"2019/05/23 05:40:47",正在待机,"其他 (通讯) 读取超时错误 ",0000620C
"2019/05/23 05:40:48",正在待机,"其他 (通讯) 图像处理：数据包头读取错误 ",00006223
"2019/05/23 05:40:49",正在待机,"对位控制 (对位点样本登记) 错误 ",10246860
"2019/05/23 05:40:50",正在待机,"设备总控制 连续移动停止错误 ",10206003
"2019/05/23 05:40:51",正在待机,"其他 (通讯) 头写入错误 ",0000620D
"2019/05/23 05:41:40",正在待机,其他 (通讯)通讯状态：数据被头读取错误 ,00006205
"2019/05/23 05:43:09",正在待机,其他 (通讯)通讯状态：数据被头读取错误 ,00006205
"2019/05/23 05:43:13",轴控制,"其他 (通讯) 读取超时错误 ",0000620C
"2019/05/23 05:43:14",轴控制,"其他 (通讯) 图像处理：数据包头读取错误 ",00006223
"2019/05/23 06:01:04",轴控制,"对位控制 (对位点样本登记) 失败发生在接收数据从图像处理任务到分析任务 ",10246876
"2019/05/23 06:01:05",模板登录,"对位控制 (对位点样本登记) 失败发生在请求获取对位点图像 ",10246863
"2019/05/23 06:01:06",模板登录,"对位控制 (对位点样本登记) 错误 ",10246860
"2019/05/23 06:01:07",模板登录,"设备总控制 连续移动停止错误 ",10206003
"2019/05/23 06:01:07",模板登录,"对位控制 (Alignment) Failed to adjust light intensity for alignment camera1 ",1024700F
"2019/05/23 06:02:21",区域定位,"对位控制 (Alignment) Failed to adjust light intensity for alignment camera1 ",1024700F
"2019/05/23 06:02:21",区域定位,"对位控制 (对位) 失败发生在执行局部涨缩 ",10246BD0
"2019/05/23 06:03:38",模板登录,"对位控制 (对位点样本登记) 失败发生在接收数据从图像处理任务到分析任务 ",10246876
"2019/05/23 06:03:40",模板登录,"对位控制 (对位点样本登记) 失败发生在请求获取对位点图像 ",10246863
"2019/05/23 06:03:41",模板登录,"对位控制 (对位点样本登记) 错误 ",10246860
"2019/05/23 06:03:42",模板登录,"设备总控制 连续移动停止错误 ",10206003
"2019/05/23 06:03:43",模板登录,"对位控制 (对位点样本登记) 失败发生在接收数据从图像处理任务到分析任务 ",10246876
"2019/05/23 06:03:44",模板登录,"对位控制 (对位点样本登记) 失败发生在请求获取对位点图像 ",10246863
"2019/05/23 06:03:45",模板登录,"对位控制 (对位点样本登记) 错误 ",10246860
"2019/05/23 06:03:45",模板登录,"对位控制 (对位) 图像处理: 失败发生在检测局部对位点 ",10246834
"2019/05/23 07:21:57",区域定位,"对位控制 (局部对位) 失败发生在局部对位时重置时间 (平均模式) ",10248805
"2019/05/23 07:21:57",区域定位,"设备总控制 连续移动停止错误 ",10206003
"2019/05/23 08:14:04",系统初始化,"对位控制 (对位) 图像处理: 失败发生在检测局部对位点 ",10246834
"2019/05/23 08:15:17",区域定位,"对位控制 (局部对位) 失败发生在局部对位时重置时间 (平均模式) ",10248805
"2019/05/23 08:15:17",区域定位,"设备总控制 连续移动停止错误 ",10206003
"2019/05/23 08:15:17",区域定位,"对位控制 (对位) 图像处理: 失败发生在检测局部对位点 ",10246834
"2019/05/23 08:16:10",区域定位,"对位控制 (局部对位) 失败发生在局部对位时重置时间 (平均模式) ",10248805
"2019/05/23 08:16:10",区域定位,"设备总控制 连续移动停止错误 ",10206003
"2019/05/23 08:16:10",区域定位,"对位控制 (对位) 图像处理: 失败发生在检测局部对位点 ",10246834
"2019/05/23 08:55:58",区域定位,"对位控制 (局部对位) 失败发生在局部对位时重置时间 (平均模式) ",10248805
"2019/05/23 08:55:58",区域定位,"设备总控制 连续移动停止错误 ",10206003
,,"对位控制 (对位) 图像处理: 失败发生在检测局部对位点 ",10246834
"2019/05/23 13:13:50",区域定位,"对位控制 (局部对位) 失败发生在局部对位时重置时间 (平均模式) ",10248805
"2019/05/23 13:13:50",区域定位,"设备总控制 连续移动停止错误 ",10206003
"2019/05/23 13:13:50",区域定位,"对位控制 (对位) 图像处理: 失败发生在检测局部对位点 ",10246834
"2019/05/23 13:14:43",区域定位,"对位控制 (局部对位) 失败发生在局部对位时重置时间 (平均模式) ",10248805
"2019/05/23 13:14:43",区域定位,"设备总控制 连续移动停止错误 ",10206003
"2019/05/23 13:15:57",定位,"对位控制 (对位) 图像处理: 失败发生在检测局部对位点 ",10246834
"2019/05/23 14:10:00",区域定位,"对位控制 (局部对位) 失败发生在局部对位时重置时间 (平均模式) ",10248805
"2019/05/23 14:10:00",区域定位,"对位控制 (对位) 图像处理: 失败发生在检测局部对位点 ",10246834
"2019/05/23 14:11:18",区域定位,"对位控制 (局部对位) 失败发生在局部对位时重置时间 (平均模式) ",10248805
"2019/05/23 14:11:18",区域定位,"设备总控制 连续移动停止错误 ",10206003
"2019/05/23 14:11:18",区域定位,"对位控制 (对位) 图像处理: 失败发生在检测局部对位点 ",10246834
"2019/05/23 14:13:00",区域定位,"对位控制 (局部对位) 失败发生在局部对位时重置时间 (平均模式) ",10248805
"2019/05/23 14:13:00",区域定位,"设备总控制 连续移动停止错误 ",10206003
"2019/05/23 14:13:00",区域定位,"对位控制 (对位) 图像处理: 失败发生在检测局部对位点 ",10246834
"2019/05/23 14:29:25",区域定位,"对位控制 (局部对位) 失败发生在局部对位时重置时间 (平均模式) ",10248805
"2019/05/23 14:29:25",区域定位,"设备总控制 连续移动停止错误 ",10206003
"2019/05/23 14:29:25",区域定位,"对位控制 (对位) 图像处理: 失败发生在检测局部对位点 ",10246834
"2019/05/23 14:29:25",区域定位,"对位控制 (局部对位) 失败发生在局部对位时重置时间 (平均模式) ",10248805
"2019/05/23 14:31:04",区域定位,"设备总控制 连续移动停止错误 ",10206003
"2019/05/23 14:31:04",区域定位,"对位控制 (对位) 图像处理: 失败发生在检测局部对位点 ",10246834
"2019/05/23 14:45:29",区域定位,"对位控制 (局部对位) 失败发生在局部对位时重置时间 (平均模式) ",10248805
"2019/05/23 14:45:29",区域定位,"设备总控制 连续移动停止错误 ",10206003
"2019/05/23 14:45:29",区域定位,"对位控制 (对位) 图像处理: 失败发生在检测局部对位点 ",10246834
"2019/05/23 16:36:45",区域定位,"对位控制 (局部对位) 失败发生在局部对位时重置时间 (平均模式) ",10248805
"2019/05/23 16:36:45",区域定位,"设备总控制 连续移动停止错误 ",10206003
"2019/05/23 16:36:45",区域定位,"对位控制 (对位) 图像处理: 失败发生在检测局部对位点 ",10246834
"2019/05/23 16:37:43",区域定位,"对位控制 (局部对位) 失败发生在局部对位时重置时间 (平均模式) ",10248805
"2019/05/23 16:37:43",区域定位,"设备总控制 连续移动停止错误 ",10206003
"2019/05/23 16:37:43",区域定位,"对位控制 (对位) 图像处理: 失败发生在检测局部对位点 ",10246834
"2019/05/23 18:25:52",区域定位,"对位控制 (局部对位) 失败发生在局部对位时重置时间 (平均模式) ",10248805
"2019/05/23 18:25:52",区域定位,"设备总控制 连续移动停止错误 ",10206003
"2019/05/23 18:25:52",区域定位,"对位控制 (对位) 图像处理: 失败发生在检测局部对位点 ",10246834
"2019/05/23 18:27:10",区域定位,"对位控制 (局部对位) 失败发生在局部对位时重置时间 (平均模式) ",10248805
"2019/05/23 18:27:10",区域定位,"设备总控制 连续移动停止错误 ",10206003
"2019/05/23 19:14:10",系统初始化,"对位控制 (对位) 图像处理: 失败发生在检测局部对位点 ",10246834
"2019/05/23 19:42:01",区域定位,"对位控制 (局部对位) 失败发生在局部对位时重置时间 (平均模式) ",10248805
"2019/05/23 19:42:01",区域定位,"设备总控制 连续移动停止错误 ",10206003
"2019/05/23 19:42:01",区域定位,"对位控制 (对位) 图像处理: 失败发生在检测局部对位点 ",10246834
"2019/05/23 20:41:24",区域定位,"对位控制 (局部对位) 失败发生在局部对位时重置时间 (平均模式) ",10248805
"2019/05/23 21:56:32",定位,"对位控制 (对位) 图像处理: 失败发生在检测局部对位点 ",10246834
"2019/05/23 21:58:12",区域定位,"对位控制 (局部对位) 失败发生在局部对位时重置时间 (平均模式) ",10248805
"2019/05/23 22:00:50",定位,"对位控制 (对位) 图像处理: 失败发生在检测局部对位点 ",10246834
"2019/05/23 22:01:25",区域定位,"对位控制 (局部对位) 失败发生在局部对位时重置时间 (平均模式) ",10248805
"2019/05/23 22:01:25",区域定位,"设备总控制 连续移动停止错误 ",10206003
"2019/05/23 22:27:38",定位,"对位控制 (对位) 图像处理: 失败发生在检测局部对位点 ",10246834
"2019/05/23 22:29:01",区域定位,"对位控制 (局部对位) 失败发生在局部对位时重置时间 (平均模式) ",10248805
"2019/05/23 22:43:36",定位,"对位控制 (对位) 图像处理: 失败发生在检测局部对位点 ",10246834
"2019/05/23 22:45:27",区域定位,"对位控制 (局部对位) 失败发生在局部对位时重置时间 (平均模式) ",10248805
"2019/05/23 22:53:26",定位,"对位控制 (对位) 图像处理: 失败发生在检测局部对位点 ",10246834
"2019/05/23 23:09:08",区域定位,"对位控制 (局部对位) 失败发生在局部对位时重置时间 (平均模式) ",10248805
"2019/05/23 23:32:37",定位,"对位控制 (对位) 图像处理: 失败发生在检测局部对位点 ",10246834
"2019/05/23 23:38:23",区域定位,"对位控制 (局部对位) 失败发生在局部对位时重置时间 (平均模式) ",10248805
"2019/05/24 01:50:23",系统初始化,"对位控制 (对位) 图像处理: 失败发生在检测局部对位点 ",10246834
"2019/05/24 01:52:33",区域定位,"对位控制 (局部对位) 失败发生在局部对位时重置时间 (平均模式) ",10248805
"2019/05/24 02:10:00",系统初始化,"对位控制 (对位) 图像处理: 失败发生在检测局部对位点 ",10246834
"2019/05/24 02:11:03",区域定位,"对位控制 (局部对位) 失败发生在局部对位时重置时间 (平均模式) ",10248805
"2019/05/24 02:11:03",区域定位,"对位控制 (对位) 图像处理: 失败发生在检测局部对位点 ",10246834
"2019/05/24 02:32:22",区域定位,"对位控制 (局部对位) 失败发生在局部对位时重置时间 (平均模式) ",10248805
"2019/05/24 02:32:22",区域定位,"设备总控制 连续移动停止错误 ",10206003
"2019/05/24 02:32:22",区域定位,"对位控制 (对位) 图像处理: 失败发生在检测局部对位点 ",10246834
"2019/05/24 02:36:43",区域定位,"对位控制 (局部对位) 失败发生在局部对位时重置时间 (平均模式) ",10248805
"2019/05/24 02:36:43",区域定位,"设备总控制 连续移动停止错误 ",10206003
"2019/05/24 05:03:22",定位,"对位控制 (Alignment) Failed to adjust light intensity for alignment camera1 ",1024700F
"2019/05/24 05:03:22",定位,"对位控制 (Alignment) Failed to adjust light intensity for alignment camera1 ",1024700F
"2019/05/24 05:28:35",区域定位,"对位控制 (对位) 失败发生在执行局部涨缩 ",10246BD0
"2019/05/24 05:28:35",区域定位,"设备总控制 连续移动停止错误 ",10206003
"2019/05/24 05:28:35",区域定位,"对位控制 (对位) 局部涨缩: 失败发生在税务扫描 ",10246BD4
"2019/05/24 05:59:58",区域定位,"对位控制 (对位) 失败发生在执行局部涨缩 ",10246BD0
"2019/05/24 05:59:58",区域定位,"设备总控制 连续移动停止错误 ",10206003
"2019/05/24 05:59:58",区域定位,"对位控制 (对位) 图像处理: 失败发生在检测局部对位点 ",10246834
"2019/05/24 06:05:39",区域定位,"对位控制 (局部对位) 失败发生在局部对位时重置时间 (平均模式) ",10248805
"2019/05/24 06:05:39",区域定位,"设备总控制 连续移动停止错误 ",10206003
"2019/05/24 06:05:39",区域定位,"对位控制 (对位) 局部涨缩: 失败发生在税务扫描 ",10246BD4
"2019/05/24 06:22:33",区域定位,"对位控制 (对位) 失败发生在执行局部涨缩 ",10246BD0
"2019/05/24 06:22:33",区域定位,"设备总控制 连续移动停止错误 ",10206003
"2019/05/24 06:22:33",区域定位,"对位控制 (对位) 局部涨缩: 失败发生在税务扫描 ",10246BD4
"2019/05/24 06:23:19",区域定位,"对位控制 (对位) 失败发生在执行局部涨缩 ",10246BD0
"2019/05/24 06:23:19",区域定位,"对位控制 (对位) 局部涨缩: 失败发生在税务扫描 ",10246BD4
"2019/05/24 06:23:56",区域定位,"对位控制 (对位) 失败发生在执行局部涨缩 ",10246BD0
"2019/05/24 06:23:56",区域定位,"对位控制 (对位) 图像处理: 失败发生在检测局部对位点 ",10246834
"2019/05/24 06:30:59",区域定位,"对位控制 (局部对位) 失败发生在局部对位时重置时间 (平均模式) ",10248805
"2019/05/24 06:30:59",区域定位,"对位控制 (对位) 图像处理: 失败发生在检测局部对位点 ",10246834
"2019/05/24 06:35:33",区域定位,"对位控制 (局部对位) 失败发生在局部对位时重置时间 (平均模式) ",10248805
"2019/05/24 06:35:33",区域定位,"对位控制 (对位) 图像处理: 失败发生在检测局部对位点 ",10246834
"2019/05/24 11:53:25",区域定位,"对位控制 (局部对位) 失败发生在局部对位时重置时间 (平均模式) ",10248805
"2019/05/24 11:53:25",区域定位,"设备总控制 连续移动停止错误 ",10206003
"2019/05/24 11:53:25",区域定位,"对位控制 (对位) 图像处理: 失败发生在检测局部对位点 ",10246834
"2019/05/24 11:53:25",区域定位,"对位控制 (局部对位) 失败发生在局部对位时重置时间 (平均模式) ",10248805
"2019/05/24 11:54:33",区域定位,"设备总控制 连续移动停止错误 ",10206003
"2019/05/24 11:54:33",区域定位,"对位控制 (对位) 图像处理: 失败发生在检测局部对位点 ",10246834
"2019/05/24 13:13:22",区域定位,"对位控制 (局部对位) 失败发生在局部对位时重置时间 (平均模式) ",10248805
"2019/05/24 13:13:22",区域定位,"设备总控制 连续移动停止错误 ",10206003
"2019/05/24 13:13:22",区域定位,"对位控制 (对位) 图像处理: 失败发生在检测局部对位点 ",10246834
"2019/05/24 13:14:48",区域定位,"对位控制 (局部对位) 失败发生在局部对位时重置时间 (平均模式) ",10248805
"2019/05/24 13:14:48",区域定位,"设备总控制 连续移动停止错误 ",10206003
"2019/05/24 13:14:48",区域定位,"对位控制 (对位) 图像处理: 失败发生在检测局部对位点 ",10246834
"2019/05/24 13:21:30",区域定位,"对位控制 (局部对位) 失败发生在局部对位时重置时间 (平均模式) ",10248805
"2019/05/24 13:21:30",区域定位,"设备总控制 连续移动停止错误 ",10206003
"2019/05/24 13:32:32",定位,"对位控制 (对位点样本登记) 失败发生在接收数据从图像处理任务到分析任务 ",10246876
"2019/05/24 13:32:33",模板登录,"对位控制 (对位点样本登记) 失败发生在请求获取对位点图像 ",10246863
"2019/05/24 13:32:34",模板登录,"对位控制 (对位点样本登记) 错误 ",10246860
"2019/05/24 13:32:35",模板登录,"设备总控制 连续移动停止错误 ",10206003
"2019/05/24 13:34:12",定位,"对位控制 (对位) 图像处理: 失败发生在检测局部对位点 ",10246834
"2019/05/24 13:39:24",区域定位,"对位控制 (局部对位) 失败发生在局部对位时重置时间 (平均模式) ",10248805
"2019/05/24 13:39:24",区域定位,"设备总控制 连续移动停止错误 ",10206003
"2019/05/24 13:57:36",定位,"对位控制 (对位) 图像处理: 失败发生在检测局部对位点 ",10246834
"2019/05/24 14:05:40",区域定位,"对位控制 (局部对位) 失败发生在局部对位时重置时间 (平均模式) ",10248805
"2019/05/24 14:05:40",区域定位,"设备总控制 连续移动停止错误 ",10206003
"2019/05/24 14:05:40",区域定位,"对位控制 (对位) 图像处理: 失败发生在检测局部对位点 ",10246834
"2019/05/24 14:06:43",区域定位,"对位控制 (局部对位) 失败发生在局部对位时重置时间 (平均模式) ",10248805
"2019/05/24 14:06:43",区域定位,"设备总控制 连续移动停止错误 ",10206003
"2019/05/24 14:19:15",定位,"对位控制 (对位) 图像处理: 失败发生在检测局部对位点 ",10246834
"2019/05/24 14:22:35",区域定位,"对位控制 (局部对位) 失败发生在局部对位时重置时间 (平均模式) ",10248805
"2019/05/24 14:22:35",区域定位,"设备总控制 连续移动停止错误 ",10206003
"2019/05/24 14:24:35",定位,"对位控制 (对位) 图像处理: 失败发生在检测局部对位点 ",10246834
"2019/05/24 14:26:39",区域定位,"对位控制 (局部对位) 失败发生在局部对位时重置时间 (平均模式) ",10248805
"2019/05/24 14:26:39",区域定位,"设备总控制 连续移动停止错误 ",10206003
"2019/05/24 14:29:55",定位,"对位控制 (对位) 图像处理: 失败发生在检测局部对位点 ",10246834
"2019/05/24 14:30:59",区域定位,"对位控制 (局部对位) 失败发生在局部对位时重置时间 (平均模式) ",10248805
"2019/05/24 14:30:59",区域定位,"设备总控制 连续移动停止错误 ",10206003
"2019/05/24 14:34:50",定位,"对位控制 (对位) 图像处理: 失败发生在检测局部对位点 ",10246834
"2019/05/24 14:37:42",区域定位,"对位控制 (局部对位) 失败发生在局部对位时重置时间 (平均模式) ",10248805
"2019/05/24 14:37:42",区域定位,"设备总控制 连续移动停止错误 ",10206003
"2019/05/24 14:38:28",定位,"对位控制 (对位) 图像处理: 失败发生在检测局部对位点 ",10246834
"2019/05/24 14:41:43",区域定位,"对位控制 (局部对位) 失败发生在局部对位时重置时间 (平均模式) ",10248805
"2019/05/24 14:41:43",区域定位,"设备总控制 连续移动停止错误 ",10206003
"2019/05/24 14:56:01",定位,"对位控制 (对位) 图像处理: 失败发生在检测局部对位点 ",10246834
"2019/05/24 15:03:09",区域定位,"对位控制 (局部对位) 失败发生在局部对位时重置时间 (平均模式) ",10248805
"2019/05/24 15:03:09",区域定位,"对位控制 (对位) 图像处理: 失败发生在检测局部对位点 ",10246834
"2019/05/24 15:04:48",区域定位,"对位控制 (局部对位) 失败发生在局部对位时重置时间 (平均模式) ",10248805
"2019/05/24 15:04:48",区域定位,"设备总控制 连续移动停止错误 ",10206003
"2019/05/24 15:07:21",定位,"对位控制 (对位) 图像处理: 失败发生在检测局部对位点 ",10246834
"2019/05/24 15:07:56",区域定位,"对位控制 (局部对位) 失败发生在局部对位时重置时间 (平均模式) ",10248805
"2019/05/24 15:07:56",区域定位,"设备总控制 连续移动停止错误 ",10206003
"2019/05/24 15:07:56",区域定位,"对位控制 (对位) 图像处理: 失败发生在检测局部对位点 ",10246834
"2019/05/24 15:09:47",区域定位,"对位控制 (局部对位) 失败发生在局部对位时重置时间 (平均模式) ",10248805
"2019/05/24 15:09:47",区域定位,"对位控制 (对位) 图像处理: 失败发生在检测局部对位点 ",10246834
"2019/05/24 15:16:58",区域定位,"对位控制 (局部对位) 失败发生在局部对位时重置时间 (平均模式) ",10248805
"2019/05/24 15:16:58",区域定位,"设备总控制 连续移动停止错误 ",10206003
"2019/05/24 15:16:58",区域定位,"对位控制 (对位) 图像处理: 失败发生在检测局部对位点 ",10246834
"2019/05/24 15:17:49",区域定位,"对位控制 (局部对位) 失败发生在局部对位时重置时间 (平均模式) ",10248805
"2019/05/24 15:17:49",区域定位,"设备总控制 连续移动停止错误 ",10206003
"2019/05/24 15:17:49",区域定位,"对位控制 (对位) 图像处理: 失败发生在检测局部对位点 ",10246834
"2019/05/24 15:53:47",区域定位,"对位控制 (局部对位) 失败发生在局部对位时重置时间 (平均模式) ",10248805
"2019/05/24 15:53:47",区域定位,"对位控制 (对位) 图像处理: 失败发生在检测局部对位点 ",10246834
"2019/05/24 16:36:57",区域定位,"对位控制 (局部对位) 失败发生在局部对位时重置时间 (平均模式) ",10248805
"2019/05/24 16:36:57",区域定位,"设备总控制 连续移动停止错误 ",10206003
"2019/05/24 16:36:57",区域定位,"对位控制 (对位) 图像处理: 失败发生在检测局部对位点 ",10246834
"2019/05/24 16:37:53",区域定位,"对位控制 (局部对位) 失败发生在局部对位时重置时间 (平均模式) ",10248805
"2019/05/24 16:37:53",区域定位,"设备总控制 连续移动停止错误 ",10206003
"2019/05/24 16:37:53",区域定位,"对位控制 (对位) 图像处理: 失败发生在检测局部对位点 ",10246834
"2019/05/24 16:38:41",区域定位,"对位控制 (局部对位) 失败发生在局部对位时重置时间 (平均模式) ",10248805
"2019/05/24 16:38:41",区域定位,"设备总控制 连续移动停止错误 ",10206003
"2019/05/24 16:38:41",区域定位,"对位控制 (对位) 图像处理: 失败发生在检测局部对位点 ",10246834
"2019/05/24 16:39:28",区域定位,"对位控制 (局部对位) 失败发生在局部对位时重置时间 (平均模式) ",10248805
"2019/05/24 16:39:28",区域定位,"设备总控制 连续移动停止错误 ",10206003
"2019/05/24 16:39:28",区域定位,"对位控制 (对位) 图像处理: 失败发生在检测局部对位点 ",10246834
"2019/05/24 16:39:28",区域定位,"对位控制 (局部对位) 失败发生在局部对位时重置时间 (平均模式) ",10248805
"2019/05/24 17:12:03",区域定位,"设备总控制 连续移动停止错误 ",10206003
"2019/05/24 17:12:03",区域定位,"对位控制 (对位) 图像处理: 失败发生在检测局部对位点 ",10246834
"2019/05/24 17:13:21",区域定位,"对位控制 (局部对位) 失败发生在局部对位时重置时间 (平均模式) ",10248805
"2019/05/24 17:13:21",区域定位,"设备总控制 连续移动停止错误 ",10206003
"2019/05/24 17:13:21",区域定位,"对位控制 (对位) 图像处理: 失败发生在检测局部对位点 ",10246834
"2019/05/24 17:15:28",区域定位,"对位控制 (局部对位) 失败发生在局部对位时重置时间 (平均模式) ",10248805
"2019/05/24 17:15:28",区域定位,"设备总控制 连续移动停止错误 ",10206003
"2019/05/24 17:15:28",区域定位,"对位控制 (对位) 图像处理: 失败发生在检测局部对位点 ",10246834
"2019/05/24 17:17:57",区域定位,"对位控制 (局部对位) 失败发生在局部对位时重置时间 (平均模式) ",10248805
"2019/05/24 17:17:57",区域定位,"设备总控制 连续移动停止错误 ",10206003
"2019/05/24 17:17:57",区域定位,"对位控制 (对位) 图像处理: 失败发生在检测局部对位点 ",10246834
"2019/05/24 17:18:38",区域定位,"对位控制 (局部对位) 失败发生在局部对位时重置时间 (平均模式) ",10248805
"2019/05/24 17:18:38",区域定位,"设备总控制 连续移动停止错误 ",10206003
"2019/05/24 17:18:38",区域定位,"对位控制 (对位) 图像处理: 失败发生在检测局部对位点 ",10246834
"2019/05/24 17:20:28",区域定位,"对位控制 (局部对位) 失败发生在局部对位时重置时间 (平均模式) ",10248805
"2019/05/24 17:20:28",区域定位,"设备总控制 连续移动停止错误 ",10206003
"2019/05/24 17:20:28",区域定位,"对位控制 (对位) 图像处理: 失败发生在检测局部对位点 ",10246834
"2019/05/24 17:22:13",区域定位,"对位控制 (局部对位) 失败发生在局部对位时重置时间 (平均模式) ",10248805
"2019/05/24 17:22:13",区域定位,"设备总控制 连续移动停止错误 ",10206003
"2019/05/24 17:22:13",区域定位,"对位控制 (对位) 图像处理: 失败发生在检测局部对位点 ",10246834
"2019/05/24 17:25:17",区域定位,"对位控制 (局部对位) 失败发生在局部对位时重置时间 (平均模式) ",10248805
"2019/05/24 17:25:17",区域定位,"设备总控制 连续移动停止错误 ",10206003
"2019/05/24 17:25:17",区域定位,"对位控制 (对位) 图像处理: 失败发生在检测局部对位点 ",10246834
"2019/05/24 17:27:19",区域定位,"对位控制 (局部对位) 失败发生在局部对位时重置时间 (平均模式) ",10248805
"2019/05/24 17:27:19",区域定位,"设备总控制 连续移动停止错误 ",10206003
"2019/05/24 17:27:19",区域定位,"对位控制 (对位) 图像处理: 失败发生在检测局部对位点 ",10246834
"2019/05/24 17:30:33",区域定位,"对位控制 (局部对位) 失败发生在局部对位时重置时间 (平均模式) ",10248805
"2019/05/24 17:30:33",区域定位,"设备总控制 连续移动停止错误 ",10206003
"2019/05/24 17:30:33",区域定位,"对位控制 (对位) 图像处理: 失败发生在检测局部对位点 ",10246834
"2019/05/24 17:31:39",区域定位,"对位控制 (局部对位) 失败发生在局部对位时重置时间 (平均模式) ",10248805
"2019/05/24 17:31:39",区域定位,"设备总控制 连续移动停止错误 ",10206003
"2019/05/24 17:31:39",区域定位,"对位控制 (对位) 图像处理: 失败发生在检测局部对位点 ",10246834
"2019/05/24 17:32:30",区域定位,"对位控制 (局部对位) 失败发生在局部对位时重置时间 (平均模式) ",10248805
"2019/05/24 17:32:30",区域定位,"设备总控制 连续移动停止错误 ",10206003
"2019/05/24 17:32:30",区域定位,"对位控制 (对位) 图像处理: 失败发生在检测局部对位点 ",10246834
"2019/05/24 22:32:32",区域定位,"对位控制 (局部对位) 失败发生在局部对位时重置时间 (平均模式) ",10248805
"2019/05/24 22:32:32",区域定位,"对位控制 (对位) 图像处理: 失败发生在检测局部对位点 ",10246834
"2019/05/25 00:08:03",区域定位,"对位控制 (局部对位) 失败发生在局部对位时重置时间 (平均模式) ",10248805
"2019/05/25 00:08:03",区域定位,"对位控制 (对位) 图像处理: 失败发生在检测局部对位点 ",10246834
"2019/05/25 00:29:28",区域定位,"对位控制 (局部对位) 失败发生在局部对位时重置时间 (平均模式) ",10248805
"2019/05/25 00:29:28",区域定位,"对位控制 (对位) 图像处理: 失败发生在检测局部对位点 ",10246834
"2019/05/25 00:45:49",区域定位,"对位控制 (局部对位) 失败发生在局部对位时重置时间 (平均模式) ",10248805
"2019/05/25 00:45:49",区域定位,"对位控制 (对位) 图像处理: 失败发生在检测局部对位点 ",10246834
"2019/05/25 00:51:48",区域定位,"对位控制 (局部对位) 失败发生在局部对位时重置时间 (平均模式) ",10248805
"2019/05/25 00:51:48",区域定位,"对位控制 (对位) 图像处理: 失败发生在检测局部对位点 ",10246834
"2019/05/25 00:51:48",区域定位,"对位控制 (局部对位) 失败发生在局部对位时重置时间 (平均模式) ",10248805
"2019/05/25 01:16:57",区域定位,"设备总控制 连续移动停止错误 ",10206003
"2019/05/25 01:16:57",区域定位,"对位控制 (对位) 图像处理: 失败发生在检测局部对位点 ",10246834
"2019/05/25 01:17:56",区域定位,"对位控制 (对位) 图像处理: 失败发生在检测局部对位点 ",10246834
"2019/05/25 01:20:39",区域定位,"对位控制 (对位) 图像处理: 失败发生在检测局部对位点 ",10246834
"2019/05/25 02:11:26",区域定位,"对位控制 (局部对位) 失败发生在局部对位时重置时间 (平均模式) ",10248805
"2019/05/25 02:11:26",区域定位,"设备总控制 连续移动停止错误 ",10206003
"2019/05/25 02:11:26",区域定位,"对位控制 (对位) 图像处理: 失败发生在检测局部对位点 ",10246834
"2019/05/25 02:12:36",区域定位,"对位控制 (局部对位) 失败发生在局部对位时重置时间 (平均模式) ",10248805
"2019/05/25 02:12:36",区域定位,"设备总控制 连续移动停止错误 ",10206003
"2019/05/25 02:12:36",区域定位,"对位控制 (对位) 图像处理: 失败发生在检测局部对位点 ",10246834
"2019/05/25 02:33:58",区域定位,"对位控制 (局部对位) 失败发生在局部对位时重置时间 (平均模式) ",10248805
"2019/05/25 02:33:58",区域定位,"设备总控制 连续移动停止错误 ",10206003
"2019/05/25 07:00:44",定位,"对位控制 (对位) 图像处理: 失败发生在检测局部对位点 ",10246834
"2019/05/25 07:01:37",区域定位,"对位控制 (局部对位) 失败发生在局部对位时重置时间 (平均模式) ",10248805
"2019/05/25 07:01:37",区域定位,"设备总控制 连续移动停止错误 ",10206003
"2019/05/25 07:11:30",定位,"对位控制 (对位) 图像处理: 失败发生在检测局部对位点 ",10246834
"2019/05/25 07:12:27",区域定位,"对位控制 (局部对位) 失败发生在局部对位时重置时间 (平均模式) ",10248805
"2019/05/25 07:20:11",定位,"对位控制 (对位) 图像处理: 失败发生在检测局部对位点 ",10246834
"2019/05/25 07:26:15",区域定位,"对位控制 (局部对位) 失败发生在局部对位时重置时间 (平均模式) ",10248805
"2019/05/25 07:26:15",区域定位,"设备总控制 连续移动停止错误 ",10206003
"2019/05/25 07:26:15",区域定位,"对位控制 (对位) 图像处理: 失败发生在检测局部对位点 ",10246834
"2019/05/25 08:16:00",区域定位,"对位控制 (局部对位) 失败发生在局部对位时重置时间 (平均模式) ",10248805
"2019/05/25 08:16:00",区域定位,"设备总控制 连续移动停止错误 ",10206003
"2019/05/25 08:16:00",区域定位,"对位控制 (对位) 图像处理: 失败发生在检测局部对位点 ",10246834
"2019/05/25 08:16:39",区域定位,"对位控制 (局部对位) 失败发生在局部对位时重置时间 (平均模式) ",10248805
"2019/05/25 08:16:39",区域定位,"设备总控制 连续移动停止错误 ",10206003
"2019/05/25 08:16:39",区域定位,"对位控制 (对位) 图像处理: 失败发生在检测局部对位点 ",10246834
"2019/05/25 08:17:55",区域定位,"对位控制 (局部对位) 失败发生在局部对位时重置时间 (平均模式) ",10248805
"2019/05/25 08:17:55",区域定位,"设备总控制 连续移动停止错误 ",10206003
"2019/05/25 08:17:55",区域定位,"对位控制 (对位) 图像处理: 失败发生在检测局部对位点 ",10246834
"2019/05/25 08:19:40",区域定位,"对位控制 (局部对位) 失败发生在局部对位时重置时间 (平均模式) ",10248805
"2019/05/25 08:19:40",区域定位,"对位控制 (对位) 图像处理: 失败发生在检测局部对位点 ",10246834
"2019/05/25 08:22:30",区域定位,"对位控制 (局部对位) 失败发生在局部对位时重置时间 (平均模式) ",10248805
"2019/05/25 08:22:30",区域定位,"设备总控制 连续移动停止错误 ",10206003
"2019/05/25 08:22:30",区域定位,"对位控制 (对位) 图像处理: 失败发生在检测局部对位点 ",10246834
"2019/05/25 08:23:14",区域定位,"对位控制 (局部对位) 失败发生在局部对位时重置时间 (平均模式) ",10248805
"2019/05/25 08:23:55",定位,"对位控制 (对位) 图像处理: 失败发生在检测局部对位点 ",10246834
"2019/05/25 08:23:55",定位,"对位控制 (局部对位) 失败发生在局部对位时重置时间 (平均模式) ",10248805
"2019/05/25 08:24:22",区域定位,"对位控制 (对位) 图像处理: 失败发生在检测局部对位点 ",10246834
"2019/05/25 08:30:53",区域定位,"对位控制 (局部对位) 失败发生在局部对位时重置时间 (平均模式) ",10248805
"2019/05/25 08:30:53",区域定位,"设备总控制 连续移动停止错误 ",10206003
"2019/05/25 08:35:40",系统初始化,"描画控制 (曝光) 对位放大倍数超出范围 ",10266C27
"2019/05/25 08:36:29",曝光,"设备总控制 连续移动停止错误 ",10206003
"2019/05/25 08:36:29",曝光,"设备总控制 失败发生在接收状态 ",102061A2
"2019/05/25 08:36:29",曝光,"对位控制 (对位) 图像处理: 失败发生在检测局部对位点 ",10246834
"2019/05/25 08:36:29",曝光,"对位控制 (局部对位) 失败发生在局部对位时重置时间 (平均模式) ",10248805
"2019/05/25 11:17:06",区域定位,"设备总控制 连续移动停止错误 ",10206003
"2019/05/25 11:17:06",区域定位,"对位控制 (对位) 图像处理: 失败发生在检测局部对位点 ",10246834
"2019/05/25 11:17:53",区域定位,"对位控制 (局部对位) 失败发生在局部对位时重置时间 (平均模式) ",10248805
"2019/05/25 11:17:53",区域定位,"设备总控制 连续移动停止错误 ",10206003
"2019/05/25 12:15:31",定位,"对位控制 (对位) 图像处理: 失败发生在检测局部对位点 ",10246834
"2019/05/25 14:12:04",区域定位,"对位控制 (局部对位) 失败发生在局部对位时重置时间 (平均模式) ",10248805
"2019/05/25 14:12:04",区域定位,"对位控制 (对位) 图像处理: 失败发生在检测局部对位点 ",10246834
"2019/05/25 14:12:04",区域定位,"对位控制 (局部对位) 失败发生在局部对位时重置时间 (平均模式) ",10248805
"2019/05/25 14:33:05",区域定位,"设备总控制 连续移动停止错误 ",10206003
"2019/05/25 14:33:05",区域定位,"对位控制 (对位) 图像处理: 失败发生在检测局部对位点 ",10246834
"2019/05/25 14:33:05",区域定位,"对位控制 (局部对位) 失败发生在局部对位时重置时间 (平均模式) ",10248805
"2019/05/25 14:34:03",区域定位,"设备总控制 连续移动停止错误 ",10206003
"2019/05/25 14:34:03",区域定位,"对位控制 (对位) 图像处理: 失败发生在检测局部对位点 ",10246834
"2019/05/25 14:56:11",区域定位,"对位控制 (局部对位) 失败发生在局部对位时重置时间 (平均模式) ",10248805
"2019/05/25 14:56:11",区域定位,"对位控制 (对位) 图像处理: 失败发生在检测局部对位点 ",10246834
"2019/05/25 15:12:21",区域定位,"对位控制 (局部对位) 失败发生在局部对位时重置时间 (平均模式) ",10248805
"2019/05/25 15:12:21",区域定位,"设备总控制 连续移动停止错误 ",10206003
"2019/05/25 16:27:23",系统初始化,"对位控制 (对位) 图像处理: 失败发生在检测局部对位点 ",10246834
"2019/05/25 16:28:03",区域定位,"设备总控制 连续移动停止错误 ",10206003
"2019/05/25 16:28:03",区域定位,"对位控制 (对位) 图像处理: 失败发生在检测局部对位点 ",10246834
"2019/05/25 16:29:51",区域定位,"对位控制 (局部对位) 失败发生在局部对位时重置时间 (平均模式) ",10248805
"2019/05/25 16:29:51",区域定位,"设备总控制 连续移动停止错误 ",10206003
