"2019/05/22 23:58:33","区域定位 ","对位控制 (对位) 局部涨缩: 失败发生在税务扫描 ",10246BD4
"2019/05/22 23:59:33","区域定位 ","对位控制 (对位) 失败发生在执行局部涨缩 ",10246BD0
"2019/05/22 23:59:33","区域定位 ","设备总控制 连续移动停止错误 ",10206003
"2019/05/22 23:59:33","区域定位 ","对位控制 (对位) 局部涨缩: 失败发生在税务扫描 ",10246BD4
"2019/05/23 00:04:19","区域定位 ","对位控制 (对位) 失败发生在执行局部涨缩 ",10246BD0
"2019/05/23 00:04:19","区域定位 ","设备总控制 连续移动停止错误 ",10206003
"2019/05/23 00:04:19","区域定位 ","对位控制 (对位) 局部涨缩: 失败发生在税务扫描 ",10246BD4
"2019/05/23 00:08:12","区域定位 ","对位控制 (对位) 失败发生在执行局部涨缩 ",10246BD0
"2019/05/23 00:08:12","区域定位 ","设备总控制 连续移动停止错误 ",10206003
"2019/05/23 00:08:12","区域定位 ","对位控制 (对位) 局部涨缩: 失败发生在税务扫描 ",10246BD4
"2019/05/23 00:08:53","区域定位 ","对位控制 (对位) 失败发生在执行局部涨缩 ",10246BD0
"2019/05/23 00:08:53","区域定位 ","设备总控制 连续移动停止错误 ",10206003
"2019/05/23 00:08:53","区域定位 ","对位控制 (对位) 局部涨缩: 失败发生在税务扫描 ",10246BD4
"2019/05/23 00:38:14","区域定位 ","对位控制 (对位) 失败发生在执行局部涨缩 ",10246BD0
"2019/05/23 00:38:14","区域定位 ","设备总控制 连续移动停止错误 ",10206003
"2019/05/23 00:38:14","区域定位 ","对位控制 (对位) 局部涨缩: 失败发生在税务扫描 ",10246BD4
"2019/05/23 00:41:41","区域定位 ","对位控制 (对位) 失败发生在执行局部涨缩 ",10246BD0
"2019/05/23 00:41:41","区域定位 ","设备总控制 连续移动停止错误 ",10206003
"2019/05/23 00:41:41","区域定位 ","对位控制 (对位) 局部涨缩: 失败发生在税务扫描 ",10246BD4
"2019/05/23 00:42:29","区域定位 ","对位控制 (对位) 失败发生在执行局部涨缩 ",10246BD0
"2019/05/23 00:42:29","区域定位 ","设备总控制 连续移动停止错误 ",10206003
"2019/05/23 00:42:29","区域定位 ","对位控制 (对位) 局部涨缩: 失败发生在税务扫描 ",10246BD4
"2019/05/23 00:42:29","区域定位 ","对位控制 (对位) 失败发生在执行局部涨缩 ",10246BD0
"2019/05/23 00:43:28","区域定位 ","设备总控制 连续移动停止错误 ",10206003
"2019/05/23 00:43:28","区域定位 ","对位控制 (对位) 局部涨缩: 失败发生在税务扫描 ",10246BD4
"2019/05/23 00:43:28","区域定位 ","对位控制 (对位) 失败发生在执行局部涨缩 ",10246BD0
"2019/05/23 00:46:47","区域定位 ","设备总控制 连续移动停止错误 ",10206003
"2019/05/23 00:46:47","区域定位 ","对位控制 (对位) 图像处理: 失败发生在检测局部对位点 ",10246834
"2019/05/23 02:22:13","区域定位 ","对位控制 (局部对位) 失败发生在局部对位时重置时间 (平均模式) ",10248805
"2019/05/23 02:22:13","区域定位 ","设备总控制 连续移动停止错误 ",10206003
"2019/05/23 02:22:13","区域定位 ","对位控制 (对位) 图像处理: 失败发生在检测局部对位点 ",10246834
"2019/05/23 02:47:02","区域定位 ","对位控制 (局部对位) 失败发生在局部对位时重置时间 (平均模式) ",10248805
"2019/05/23 02:47:02","区域定位 ","对位控制 (对位) 图像处理: 失败发生在检测局部对位点 ",10246834
"2019/05/23 03:01:23","区域定位 ","对位控制 (局部对位) 失败发生在局部对位时重置时间 (平均模式) ",10248805
"2019/05/23 03:01:23","区域定位 ","对位控制 (对位) 图像处理: 失败发生在检测局部对位点 ",10246834
"2019/05/23 03:19:33","区域定位 ","对位控制 (局部对位) 失败发生在局部对位时重置时间 (平均模式) ",10248805
"2019/05/23 03:19:33","区域定位 ","对位控制 (对位) 图像处理: 失败发生在检测局部对位点 ",10246834
"2019/05/23 03:31:11","区域定位 ","对位控制 (局部对位) 失败发生在局部对位时重置时间 (平均模式) ",10248805
"2019/05/23 03:31:11","区域定位 ","对位控制 (对位) 图像处理: 失败发生在检测局部对位点 ",10246834
"2019/05/23 04:22:51","区域定位 ","对位控制 (局部对位) 失败发生在局部对位时重置时间 (平均模式) ",10248805
"2019/05/23 04:22:51","区域定位 ","设备总控制 连续移动停止错误 ",10206003
"2019/05/23 04:48:02","区域定位 ","对位控制 (对位点样本登记) 失败发生在接收数据从图像处理任务到分析任务 ",10246876
"2019/05/23 04:48:04","模板登录 ","对位控制 (对位点样本登记) 失败发生在请求获取对位点图像 ",10246863
"2019/05/23 04:48:05","模板登录 ","对位控制 (对位点样本登记) 错误 ",10246860
"2019/05/23 04:48:06","模板登录 ","设备总控制 连续移动停止错误 ",10206003
"2019/05/23 04:48:38","模板登录 ","对位控制 (对位点样本登记) 失败发生在接收数据从图像处理任务到分析任务 ",10246876
"2019/05/23 04:48:39","模板登录 ","对位控制 (对位点样本登记) 失败发生在请求获取对位点图像 ",10246863
"2019/05/23 04:48:54",正在待机 ,Y--轴移动控制器 快门错误或者盖门检查错误 ,100861D5
"2019/05/23 04:48:55",正在待机 ,"X 轴移动控制器1 快门错误或者盖门检查错误 ",108161D5
"2019/05/23 04:48:56",正在待机 ,"设备总控制 全部轴初始化超时 ",1020614A
"2019/05/23 04:48:57",正在待机 ,"设备总控制 连续移动停止错误 ",10206003
"2019/05/23 04:50:38",正在待机 ,Y--轴移动控制器 快门错误或者盖门检查错误 ,100861D5
"2019/05/23 04:50:39",正在待机 ,"X 轴移动控制器1 快门错误或者盖门检查错误 ",108161D5
"2019/05/23 04:50:40",正在待机 ,"设备总控制 全部轴初始化超时 ",1020614A
"2019/05/23 04:50:41",正在待机 ,"设备总控制 连续移动停止错误 ",10206003
"2019/05/23 04:53:13","模板登录 ","对位控制 (对位点样本登记) 失败发生在接收数据从图像处理任务到分析任务 ",10246876
"2019/05/23 04:53:14","模板登录 ","对位控制 (对位点样本登记) 失败发生在请求获取对位点图像 ",10246863
"2019/05/23 04:53:15","模板登录 ","对位控制 (对位点样本登记) 错误 ",10246860
"2019/05/23 05:03:34","模板登录 ","对位控制 (对位点样本登记) 失败发生在接收数据从图像处理任务到分析任务 ",10246876
"2019/05/23 05:03:36","模板登录 ","对位控制 (对位点样本登记) 失败发生在请求获取对位点图像 ",10246863
"2019/05/23 05:03:37","模板登录 ","对位控制 (对位点样本登记) 错误 ",10246860
"2019/05/23 05:03:38","模板登录 ","设备总控制 连续移动停止错误 ",10206003
"2019/05/23 05:03:39","模板登录 ",快门移动控制器 检测到错误的状态在Y轴 ,100B1821
"2019/05/23 05:03:40","模板登录 ","设备总控制 连续移动停止错误 ",10206003
"2019/05/23 05:05:06",正在待机 ,Y--轴移动控制器 快门错误或者盖门检查错误 ,100861D5
"2019/05/23 05:05:07",正在待机 ,"X 轴移动控制器1 快门错误或者盖门检查错误 ",108161D5
"2019/05/23 05:05:08",正在待机 ,"设备总控制 全部轴初始化超时 ",1020614A
"2019/05/23 05:05:09",正在待机 ,"设备总控制 连续移动停止错误 ",10206003
"2019/05/23 05:40:11"," ","对位控制 (对位点样本登记) 失败发生在接收数据从图像处理任务到分析任务 ",10246876
"2019/05/23 05:40:11","模板登录 ","对位控制 (对位点样本登记) 失败发生在请求获取对位点图像 ",10246863
"2019/05/23 05:40:13","模板登录 ","对位控制 (对位点样本登记) 错误 ",10246860
"2019/05/23 05:40:14","模板登录 ","设备总控制 连续移动停止错误 ",10206003
"2019/05/23 05:40:47",正在待机 ,"其他 (通讯) 读取超时错误 ",0000620C
"2019/05/23 05:40:48",正在待机 ,"其他 (通讯) 图像处理：数据包头读取错误 ",00006223
"2019/05/23 05:40:49",正在待机 ,"对位控制 (对位点样本登记) 错误 ",10246860
"2019/05/23 05:40:50",正在待机 ,"设备总控制 连续移动停止错误 ",10206003
"2019/05/23 05:40:51",正在待机 ,"其他 (通讯) 头写入错误 ",0000620D
"2019/05/23 05:41:40",正在待机 ,其他 (通讯)通讯状态：数据被头读取错误 ,00006205
"2019/05/23 05:43:09",正在待机 ,其他 (通讯)通讯状态：数据被头读取错误 ,00006205
"2019/05/23 05:43:13","轴控制 ","其他 (通讯) 读取超时错误 ",0000620C
"2019/05/23 05:43:14","轴控制 ","其他 (通讯) 图像处理：数据包头读取错误 ",00006223
"2019/05/23 06:01:04","轴控制 ","对位控制 (对位点样本登记) 失败发生在接收数据从图像处理任务到分析任务 ",10246876
"2019/05/23 06:01:05","模板登录 ","对位控制 (对位点样本登记) 失败发生在请求获取对位点图像 ",10246863
"2019/05/23 06:01:06","模板登录 ","对位控制 (对位点样本登记) 错误 ",10246860
"2019/05/23 06:01:07","模板登录 ","设备总控制 连续移动停止错误 ",10206003
"2019/05/23 06:01:07","模板登录 ","对位控制 (Alignment) Failed to adjust light intensity for alignment camera1 ",1024700F
"2019/05/23 06:02:21","区域定位 ","对位控制 (Alignment) Failed to adjust light intensity for alignment camera1 ",1024700F
"2019/05/23 06:02:21","区域定位 ","对位控制 (对位) 失败发生在执行局部涨缩 ",10246BD0
"2019/05/23 06:03:38","模板登录 ","对位控制 (对位点样本登记) 失败发生在接收数据从图像处理任务到分析任务 ",10246876
"2019/05/23 06:03:40","模板登录 ","对位控制 (对位点样本登记) 失败发生在请求获取对位点图像 ",10246863
"2019/05/23 06:03:41","模板登录 ","对位控制 (对位点样本登记) 错误 ",10246860
"2019/05/23 06:03:42","模板登录 ","设备总控制 连续移动停止错误 ",10206003
"2019/05/23 06:03:43","模板登录 ","对位控制 (对位点样本登记) 失败发生在接收数据从图像处理任务到分析任务 ",10246876
"2019/05/23 06:03:44","模板登录 ","对位控制 (对位点样本登记) 失败发生在请求获取对位点图像 ",10246863
"2019/05/23 06:03:45","模板登录 ","对位控制 (对位点样本登记) 错误 ",10246860
"2019/05/23 06:03:45","模板登录 ","对位控制 (对位) 图像处理: 失败发生在检测局部对位点 ",10246834
"2019/05/23 07:21:57","区域定位 ","对位控制 (局部对位) 失败发生在局部对位时重置时间 (平均模式) ",10248805
"2019/05/23 07:21:57","区域定位 ","设备总控制 连续移动停止错误 ",10206003
"2019/05/23 08:14:04","系统初始化 ","对位控制 (对位) 图像处理: 失败发生在检测局部对位点 ",10246834
"2019/05/23 08:15:17","区域定位 ","对位控制 (局部对位) 失败发生在局部对位时重置时间 (平均模式) ",10248805
"2019/05/23 08:15:17","区域定位 ","设备总控制 连续移动停止错误 ",10206003
"2019/05/23 08:15:17","区域定位 ","对位控制 (对位) 图像处理: 失败发生在检测局部对位点 ",10246834
"2019/05/23 08:16:10","区域定位 ","对位控制 (局部对位) 失败发生在局部对位时重置时间 (平均模式) ",10248805
"2019/05/23 08:16:10","区域定位 ","设备总控制 连续移动停止错误 ",10206003
"2019/05/23 08:16:10","区域定位 ","对位控制 (对位) 图像处理: 失败发生在检测局部对位点 ",10246834
"2019/05/23 08:55:58","区域定位 ","对位控制 (局部对位) 失败发生在局部对位时重置时间 (平均模式) ",10248805
"2019/05/23 08:55:58","区域定位 ","设备总控制 连续移动停止错误 ",10206003
," ","对位控制 (对位) 图像处理: 失败发生在检测局部对位点 ",10246834
"2019/05/23 13:13:50","区域定位 ","对位控制 (局部对位) 失败发生在局部对位时重置时间 (平均模式) ",10248805
"2019/05/23 13:13:50","区域定位 ","设备总控制 连续移动停止错误 ",10206003
"2019/05/23 13:13:50","区域定位 ","对位控制 (对位) 图像处理: 失败发生在检测局部对位点 ",10246834
"2019/05/23 13:14:43","区域定位 ","对位控制 (局部对位) 失败发生在局部对位时重置时间 (平均模式) ",10248805
"2019/05/23 13:14:43","区域定位 ","设备总控制 连续移动停止错误 ",10206003
"2019/05/23 13:15:57","定位 ","对位控制 (对位) 图像处理: 失败发生在检测局部对位点 ",10246834
"2019/05/23 14:10:00","区域定位 ","对位控制 (局部对位) 失败发生在局部对位时重置时间 (平均模式) ",10248805
"2019/05/23 14:10:00","区域定位 ","对位控制 (对位) 图像处理: 失败发生在检测局部对位点 ",10246834
"2019/05/23 14:11:18","区域定位 ","对位控制 (局部对位) 失败发生在局部对位时重置时间 (平均模式) ",10248805
"2019/05/23 14:11:18","区域定位 ","设备总控制 连续移动停止错误 ",10206003
"2019/05/23 14:11:18","区域定位 ","对位控制 (对位) 图像处理: 失败发生在检测局部对位点 ",10246834
"2019/05/23 14:13:00","区域定位 ","对位控制 (局部对位) 失败发生在局部对位时重置时间 (平均模式) ",10248805
"2019/05/23 14:13:00","区域定位 ","设备总控制 连续移动停止错误 ",10206003
"2019/05/23 14:13:00","区域定位 ","对位控制 (对位) 图像处理: 失败发生在检测局部对位点 ",10246834
"2019/05/23 14:29:25","区域定位 ","对位控制 (局部对位) 失败发生在局部对位时重置时间 (平均模式) ",10248805
"2019/05/23 14:29:25","区域定位 ","设备总控制 连续移动停止错误 ",10206003
"2019/05/23 14:29:25","区域定位 ","对位控制 (对位) 图像处理: 失败发生在检测局部对位点 ",10246834
"2019/05/23 14:29:25","区域定位 ","对位控制 (局部对位) 失败发生在局部对位时重置时间 (平均模式) ",10248805
"2019/05/23 14:31:04","区域定位 ","设备总控制 连续移动停止错误 ",10206003
"2019/05/23 14:31:04","区域定位 ","对位控制 (对位) 图像处理: 失败发生在检测局部对位点 ",10246834
"2019/05/23 14:45:29","区域定位 ","对位控制 (局部对位) 失败发生在局部对位时重置时间 (平均模式) ",10248805
"2019/05/23 14:45:29","区域定位 ","设备总控制 连续移动停止错误 ",10206003
"2019/05/23 14:45:29","区域定位 ","对位控制 (对位) 图像处理: 失败发生在检测局部对位点 ",10246834
"2019/05/23 16:36:45","区域定位 ","对位控制 (局部对位) 失败发生在局部对位时重置时间 (平均模式) ",10248805
"2019/05/23 16:36:45","区域定位 ","设备总控制 连续移动停止错误 ",10206003
"2019/05/23 16:36:45","区域定位 ","对位控制 (对位) 图像处理: 失败发生在检测局部对位点 ",10246834
"2019/05/23 16:37:43","区域定位 ","对位控制 (局部对位) 失败发生在局部对位时重置时间 (平均模式) ",10248805
"2019/05/23 16:37:43","区域定位 ","设备总控制 连续移动停止错误 ",10206003
"2019/05/23 16:37:43","区域定位 ","对位控制 (对位) 图像处理: 失败发生在检测局部对位点 ",10246834
"2019/05/23 18:25:52","区域定位 ","对位控制 (局部对位) 失败发生在局部对位时重置时间 (平均模式) ",10248805
"2019/05/23 18:25:52","区域定位 ","设备总控制 连续移动停止错误 ",10206003
"2019/05/23 18:25:52","区域定位 ","对位控制 (对位) 图像处理: 失败发生在检测局部对位点 ",10246834
"2019/05/23 18:27:10","区域定位 ","对位控制 (局部对位) 失败发生在局部对位时重置时间 (平均模式) ",10248805
"2019/05/23 18:27:10","区域定位 ","设备总控制 连续移动停止错误 ",10206003
"2019/05/23 19:14:10","系统初始化 ","对位控制 (对位) 图像处理: 失败发生在检测局部对位点 ",10246834
"2019/05/23 19:42:01","区域定位 ","对位控制 (局部对位) 失败发生在局部对位时重置时间 (平均模式) ",10248805
"2019/05/23 19:42:01","区域定位 ","设备总控制 连续移动停止错误 ",10206003
"2019/05/23 19:42:01","区域定位 ","对位控制 (对位) 图像处理: 失败发生在检测局部对位点 ",10246834
"2019/05/23 20:41:24","区域定位 ","对位控制 (局部对位) 失败发生在局部对位时重置时间 (平均模式) ",10248805
"2019/05/23 21:56:32","定位 ","对位控制 (对位) 图像处理: 失败发生在检测局部对位点 ",10246834
"2019/05/23 21:58:12","区域定位 ","对位控制 (局部对位) 失败发生在局部对位时重置时间 (平均模式) ",10248805
"2019/05/23 22:00:50","定位 ","对位控制 (对位) 图像处理: 失败发生在检测局部对位点 ",10246834
"2019/05/23 22:01:25","区域定位 ","对位控制 (局部对位) 失败发生在局部对位时重置时间 (平均模式) ",10248805
"2019/05/23 22:01:25","区域定位 ","设备总控制 连续移动停止错误 ",10206003
"2019/05/23 22:27:38","定位 ","对位控制 (对位) 图像处理: 失败发生在检测局部对位点 ",10246834
"2019/05/23 22:29:01","区域定位 ","对位控制 (局部对位) 失败发生在局部对位时重置时间 (平均模式) ",10248805
"2019/05/23 22:43:36","定位 ","对位控制 (对位) 图像处理: 失败发生在检测局部对位点 ",10246834
"2019/05/23 22:45:27","区域定位 ","对位控制 (局部对位) 失败发生在局部对位时重置时间 (平均模式) ",10248805
"2019/05/23 22:53:26","定位 ","对位控制 (对位) 图像处理: 失败发生在检测局部对位点 ",10246834
"2019/05/23 23:09:08","区域定位 ","对位控制 (局部对位) 失败发生在局部对位时重置时间 (平均模式) ",10248805
"2019/05/23 23:32:37","定位 ","对位控制 (对位) 图像处理: 失败发生在检测局部对位点 ",10246834
"2019/05/23 23:38:23","区域定位 ","对位控制 (局部对位) 失败发生在局部对位时重置时间 (平均模式) ",10248805
"2019/05/24 01:50:23","系统初始化 ","对位控制 (对位) 图像处理: 失败发生在检测局部对位点 ",10246834
"2019/05/24 01:52:33","区域定位 ","对位控制 (局部对位) 失败发生在局部对位时重置时间 (平均模式) ",10248805
"2019/05/24 02:10:00","系统初始化 ","对位控制 (对位) 图像处理: 失败发生在检测局部对位点 ",10246834
"2019/05/24 02:11:03","区域定位 ","对位控制 (局部对位) 失败发生在局部对位时重置时间 (平均模式) ",10248805
"2019/05/24 02:11:03","区域定位 ","对位控制 (对位) 图像处理: 失败发生在检测局部对位点 ",10246834
"2019/05/24 02:32:22","区域定位 ","对位控制 (局部对位) 失败发生在局部对位时重置时间 (平均模式) ",10248805
"2019/05/24 02:32:22","区域定位 ","设备总控制 连续移动停止错误 ",10206003
"2019/05/24 02:32:22","区域定位 ","对位控制 (对位) 图像处理: 失败发生在检测局部对位点 ",10246834
"2019/05/24 02:36:43","区域定位 ","对位控制 (局部对位) 失败发生在局部对位时重置时间 (平均模式) ",10248805
"2019/05/24 02:36:43","区域定位 ","设备总控制 连续移动停止错误 ",10206003
"2019/05/24 05:03:22","定位 ","对位控制 (Alignment) Failed to adjust light intensity for alignment camera1 ",1024700F
"2019/05/24 05:03:22","定位 ","对位控制 (Alignment) Failed to adjust light intensity for alignment camera1 ",1024700F
"2019/05/24 05:28:35","区域定位 ","对位控制 (对位) 失败发生在执行局部涨缩 ",10246BD0
"2019/05/24 05:28:35","区域定位 ","设备总控制 连续移动停止错误 ",10206003
"2019/05/24 05:28:35","区域定位 ","对位控制 (对位) 局部涨缩: 失败发生在税务扫描 ",10246BD4
"2019/05/24 05:59:58","区域定位 ","对位控制 (对位) 失败发生在执行局部涨缩 ",10246BD0
"2019/05/24 05:59:58","区域定位 ","设备总控制 连续移动停止错误 ",10206003
"2019/05/24 05:59:58","区域定位 ","对位控制 (对位) 图像处理: 失败发生在检测局部对位点 ",10246834
"2019/05/24 06:05:39","区域定位 ","对位控制 (局部对位) 失败发生在局部对位时重置时间 (平均模式) ",10248805
"2019/05/24 06:05:39","区域定位 ","设备总控制 连续移动停止错误 ",10206003
"2019/05/24 06:05:39","区域定位 ","对位控制 (对位) 局部涨缩: 失败发生在税务扫描 ",10246BD4
"2019/05/24 06:22:33","区域定位 ","对位控制 (对位) 失败发生在执行局部涨缩 ",10246BD0
"2019/05/24 06:22:33","区域定位 ","设备总控制 连续移动停止错误 ",10206003
"2019/05/24 06:22:33","区域定位 ","对位控制 (对位) 局部涨缩: 失败发生在税务扫描 ",10246BD4
"2019/05/24 06:23:19","区域定位 ","对位控制 (对位) 失败发生在执行局部涨缩 ",10246BD0
"2019/05/24 06:23:19","区域定位 ","对位控制 (对位) 局部涨缩: 失败发生在税务扫描 ",10246BD4
"2019/05/24 06:23:56","区域定位 ","对位控制 (对位) 失败发生在执行局部涨缩 ",10246BD0
"2019/05/24 06:23:56","区域定位 ","对位控制 (对位) 图像处理: 失败发生在检测局部对位点 ",10246834
"2019/05/24 06:30:59","区域定位 ","对位控制 (局部对位) 失败发生在局部对位时重置时间 (平均模式) ",10248805
"2019/05/24 06:30:59","区域定位 ","对位控制 (对位) 图像处理: 失败发生在检测局部对位点 ",10246834
"2019/05/24 06:35:33","区域定位 ","对位控制 (局部对位) 失败发生在局部对位时重置时间 (平均模式) ",10248805
"2019/05/24 06:35:33","区域定位 ","对位控制 (对位) 图像处理: 失败发生在检测局部对位点 ",10246834
"2019/05/24 11:53:25","区域定位 ","对位控制 (局部对位) 失败发生在局部对位时重置时间 (平均模式) ",10248805
"2019/05/24 11:53:25","区域定位 ","设备总控制 连续移动停止错误 ",10206003
"2019/05/24 11:53:25","区域定位 ","对位控制 (对位) 图像处理: 失败发生在检测局部对位点 ",10246834
"2019/05/24 11:53:25","区域定位 ","对位控制 (局部对位) 失败发生在局部对位时重置时间 (平均模式) ",10248805
"2019/05/24 11:54:33","区域定位 ","设备总控制 连续移动停止错误 ",10206003
"2019/05/24 11:54:33","区域定位 ","对位控制 (对位) 图像处理: 失败发生在检测局部对位点 ",10246834
"2019/05/24 13:13:22","区域定位 ","对位控制 (局部对位) 失败发生在局部对位时重置时间 (平均模式) ",10248805
"2019/05/24 13:13:22","区域定位 ","设备总控制 连续移动停止错误 ",10206003
"2019/05/24 13:13:22","区域定位 ","对位控制 (对位) 图像处理: 失败发生在检测局部对位点 ",10246834
"2019/05/24 13:14:48","区域定位 ","对位控制 (局部对位) 失败发生在局部对位时重置时间 (平均模式) ",10248805
"2019/05/24 13:14:48","区域定位 ","设备总控制 连续移动停止错误 ",10206003
"2019/05/24 13:14:48","区域定位 ","对位控制 (对位) 图像处理: 失败发生在检测局部对位点 ",10246834
"2019/05/24 13:21:30","区域定位 ","对位控制 (局部对位) 失败发生在局部对位时重置时间 (平均模式) ",10248805
"2019/05/24 13:21:30","区域定位 ","设备总控制 连续移动停止错误 ",10206003
"2019/05/24 13:32:32","定位 ","对位控制 (对位点样本登记) 失败发生在接收数据从图像处理任务到分析任务 ",10246876
"2019/05/24 13:32:33","模板登录 ","对位控制 (对位点样本登记) 失败发生在请求获取对位点图像 ",10246863
"2019/05/24 13:32:34","模板登录 ","对位控制 (对位点样本登记) 错误 ",10246860
"2019/05/24 13:32:35","模板登录 ","设备总控制 连续移动停止错误 ",10206003
"2019/05/24 13:34:12","定位 ","对位控制 (对位) 图像处理: 失败发生在检测局部对位点 ",10246834
"2019/05/24 13:39:24","区域定位 ","对位控制 (局部对位) 失败发生在局部对位时重置时间 (平均模式) ",10248805
"2019/05/24 13:39:24","区域定位 ","设备总控制 连续移动停止错误 ",10206003
"2019/05/24 13:57:36","定位 ","对位控制 (对位) 图像处理: 失败发生在检测局部对位点 ",10246834
"2019/05/24 14:05:40","区域定位 ","对位控制 (局部对位) 失败发生在局部对位时重置时间 (平均模式) ",10248805
"2019/05/24 14:05:40","区域定位 ","设备总控制 连续移动停止错误 ",10206003
"2019/05/24 14:05:40","区域定位 ","对位控制 (对位) 图像处理: 失败发生在检测局部对位点 ",10246834
"2019/05/24 14:06:43","区域定位 ","对位控制 (局部对位) 失败发生在局部对位时重置时间 (平均模式) ",10248805
"2019/05/24 14:06:43","区域定位 ","设备总控制 连续移动停止错误 ",10206003
"2019/05/24 14:19:15","定位 ","对位控制 (对位) 图像处理: 失败发生在检测局部对位点 ",10246834
"2019/05/24 14:22:35","区域定位 ","对位控制 (局部对位) 失败发生在局部对位时重置时间 (平均模式) ",10248805
"2019/05/24 14:22:35","区域定位 ","设备总控制 连续移动停止错误 ",10206003
"2019/05/24 14:24:35","定位 ","对位控制 (对位) 图像处理: 失败发生在检测局部对位点 ",10246834
"2019/05/24 14:26:39","区域定位 ","对位控制 (局部对位) 失败发生在局部对位时重置时间 (平均模式) ",10248805
"2019/05/24 14:26:39","区域定位 ","设备总控制 连续移动停止错误 ",10206003
"2019/05/24 14:29:55","定位 ","对位控制 (对位) 图像处理: 失败发生在检测局部对位点 ",10246834
"2019/05/24 14:30:59","区域定位 ","对位控制 (局部对位) 失败发生在局部对位时重置时间 (平均模式) ",10248805
"2019/05/24 14:30:59","区域定位 ","设备总控制 连续移动停止错误 ",10206003
"2019/05/24 14:34:50","定位 ","对位控制 (对位) 图像处理: 失败发生在检测局部对位点 ",10246834
"2019/05/24 14:37:42","区域定位 ","对位控制 (局部对位) 失败发生在局部对位时重置时间 (平均模式) ",10248805
"2019/05/24 14:37:42","区域定位 ","设备总控制 连续移动停止错误 ",10206003
"2019/05/24 14:38:28","定位 ","对位控制 (对位) 图像处理: 失败发生在检测局部对位点 ",10246834
"2019/05/24 14:41:43","区域定位 ","对位控制 (局部对位) 失败发生在局部对位时重置时间 (平均模式) ",10248805
"2019/05/24 14:41:43","区域定位 ","设备总控制 连续移动停止错误 ",10206003
"2019/05/24 14:56:01","定位 ","对位控制 (对位) 图像处理: 失败发生在检测局部对位点 ",10246834
"2019/05/24 15:03:09","区域定位 ","对位控制 (局部对位) 失败发生在局部对位时重置时间 (平均模式) ",10248805
"2019/05/24 15:03:09","区域定位 ","对位控制 (对位) 图像处理: 失败发生在检测局部对位点 ",10246834
"2019/05/24 15:04:48","区域定位 ","对位控制 (局部对位) 失败发生在局部对位时重置时间 (平均模式) ",10248805
"2019/05/24 15:04:48","区域定位 ","设备总控制 连续移动停止错误 ",10206003
"2019/05/24 15:07:21","定位 ","对位控制 (对位) 图像处理: 失败发生在检测局部对位点 ",10246834
"2019/05/24 15:07:56","区域定位 ","对位控制 (局部对位) 失败发生在局部对位时重置时间 (平均模式) ",10248805
"2019/05/24 15:07:56","区域定位 ","设备总控制 连续移动停止错误 ",10206003
"2019/05/24 15:07:56","区域定位 ","对位控制 (对位) 图像处理: 失败发生在检测局部对位点 ",10246834
"2019/05/24 15:09:47","区域定位 ","对位控制 (局部对位) 失败发生在局部对位时重置时间 (平均模式) ",10248805
"2019/05/24 15:09:47","区域定位 ","对位控制 (对位) 图像处理: 失败发生在检测局部对位点 ",10246834
"2019/05/24 15:16:58","区域定位 ","对位控制 (局部对位) 失败发生在局部对位时重置时间 (平均模式) ",10248805
"2019/05/24 15:16:58","区域定位 ","设备总控制 连续移动停止错误 ",10206003
"2019/05/24 15:16:58","区域定位 ","对位控制 (对位) 图像处理: 失败发生在检测局部对位点 ",10246834
"2019/05/24 15:17:49","区域定位 ","对位控制 (局部对位) 失败发生在局部对位时重置时间 (平均模式) ",10248805
"2019/05/24 15:17:49","区域定位 ","设备总控制 连续移动停止错误 ",10206003
"2019/05/24 15:17:49","区域定位 ","对位控制 (对位) 图像处理: 失败发生在检测局部对位点 ",10246834
"2019/05/24 15:53:47","区域定位 ","对位控制 (局部对位) 失败发生在局部对位时重置时间 (平均模式) ",10248805
"2019/05/24 15:53:47","区域定位 ","对位控制 (对位) 图像处理: 失败发生在检测局部对位点 ",10246834
"2019/05/24 16:36:57","区域定位 ","对位控制 (局部对位) 失败发生在局部对位时重置时间 (平均模式) ",10248805
"2019/05/24 16:36:57","区域定位 ","设备总控制 连续移动停止错误 ",10206003
"2019/05/24 16:36:57","区域定位 ","对位控制 (对位) 图像处理: 失败发生在检测局部对位点 ",10246834
"2019/05/24 16:37:53","区域定位 ","对位控制 (局部对位) 失败发生在局部对位时重置时间 (平均模式) ",10248805
"2019/05/24 16:37:53","区域定位 ","设备总控制 连续移动停止错误 ",10206003
"2019/05/24 16:37:53","区域定位 ","对位控制 (对位) 图像处理: 失败发生在检测局部对位点 ",10246834
"2019/05/24 16:38:41","区域定位 ","对位控制 (局部对位) 失败发生在局部对位时重置时间 (平均模式) ",10248805
"2019/05/24 16:38:41","区域定位 ","设备总控制 连续移动停止错误 ",10206003
"2019/05/24 16:38:41","区域定位 ","对位控制 (对位) 图像处理: 失败发生在检测局部对位点 ",10246834
"2019/05/24 16:39:28","区域定位 ","对位控制 (局部对位) 失败发生在局部对位时重置时间 (平均模式) ",10248805
"2019/05/24 16:39:28","区域定位 ","设备总控制 连续移动停止错误 ",10206003
"2019/05/24 16:39:28","区域定位 ","对位控制 (对位) 图像处理: 失败发生在检测局部对位点 ",10246834
"2019/05/24 16:39:28","区域定位 ","对位控制 (局部对位) 失败发生在局部对位时重置时间 (平均模式) ",10248805
"2019/05/24 17:12:03","区域定位 ","设备总控制 连续移动停止错误 ",10206003
"2019/05/24 17:12:03","区域定位 ","对位控制 (对位) 图像处理: 失败发生在检测局部对位点 ",10246834
"2019/05/24 17:13:21","区域定位 ","对位控制 (局部对位) 失败发生在局部对位时重置时间 (平均模式) ",10248805
"2019/05/24 17:13:21","区域定位 ","设备总控制 连续移动停止错误 ",10206003
"2019/05/24 17:13:21","区域定位 ","对位控制 (对位) 图像处理: 失败发生在检测局部对位点 ",10246834
"2019/05/24 17:15:28","区域定位 ","对位控制 (局部对位) 失败发生在局部对位时重置时间 (平均模式) ",10248805
"2019/05/24 17:15:28","区域定位 ","设备总控制 连续移动停止错误 ",10206003
"2019/05/24 17:15:28","区域定位 ","对位控制 (对位) 图像处理: 失败发生在检测局部对位点 ",10246834
"2019/05/24 17:17:57","区域定位 ","对位控制 (局部对位) 失败发生在局部对位时重置时间 (平均模式) ",10248805
"2019/05/24 17:17:57","区域定位 ","设备总控制 连续移动停止错误 ",10206003
"2019/05/24 17:17:57","区域定位 ","对位控制 (对位) 图像处理: 失败发生在检测局部对位点 ",10246834
"2019/05/24 17:18:38","区域定位 ","对位控制 (局部对位) 失败发生在局部对位时重置时间 (平均模式) ",10248805
"2019/05/24 17:18:38","区域定位 ","设备总控制 连续移动停止错误 ",10206003
"2019/05/24 17:18:38","区域定位 ","对位控制 (对位) 图像处理: 失败发生在检测局部对位点 ",10246834
"2019/05/24 17:20:28","区域定位 ","对位控制 (局部对位) 失败发生在局部对位时重置时间 (平均模式) ",10248805
"2019/05/24 17:20:28","区域定位 ","设备总控制 连续移动停止错误 ",10206003
"2019/05/24 17:20:28","区域定位 ","对位控制 (对位) 图像处理: 失败发生在检测局部对位点 ",10246834
"2019/05/24 17:22:13","区域定位 ","对位控制 (局部对位) 失败发生在局部对位时重置时间 (平均模式) ",10248805
"2019/05/24 17:22:13","区域定位 ","设备总控制 连续移动停止错误 ",10206003
"2019/05/24 17:22:13","区域定位 ","对位控制 (对位) 图像处理: 失败发生在检测局部对位点 ",10246834
"2019/05/24 17:25:17","区域定位 ","对位控制 (局部对位) 失败发生在局部对位时重置时间 (平均模式) ",10248805
"2019/05/24 17:25:17","区域定位 ","设备总控制 连续移动停止错误 ",10206003
"2019/05/24 17:25:17","区域定位 ","对位控制 (对位) 图像处理: 失败发生在检测局部对位点 ",10246834
"2019/05/24 17:27:19","区域定位 ","对位控制 (局部对位) 失败发生在局部对位时重置时间 (平均模式) ",10248805
"2019/05/24 17:27:19","区域定位 ","设备总控制 连续移动停止错误 ",10206003
"2019/05/24 17:27:19","区域定位 ","对位控制 (对位) 图像处理: 失败发生在检测局部对位点 ",10246834
"2019/05/24 17:30:33","区域定位 ","对位控制 (局部对位) 失败发生在局部对位时重置时间 (平均模式) ",10248805
"2019/05/24 17:30:33","区域定位 ","设备总控制 连续移动停止错误 ",10206003
"2019/05/24 17:30:33","区域定位 ","对位控制 (对位) 图像处理: 失败发生在检测局部对位点 ",10246834
"2019/05/24 17:31:39","区域定位 ","对位控制 (局部对位) 失败发生在局部对位时重置时间 (平均模式) ",10248805
"2019/05/24 17:31:39","区域定位 ","设备总控制 连续移动停止错误 ",10206003
"2019/05/24 17:31:39","区域定位 ","对位控制 (对位) 图像处理: 失败发生在检测局部对位点 ",10246834
"2019/05/24 17:32:30","区域定位 ","对位控制 (局部对位) 失败发生在局部对位时重置时间 (平均模式) ",10248805
"2019/05/24 17:32:30","区域定位 ","设备总控制 连续移动停止错误 ",10206003
